  Generate moc_predefs.h
  RCC qml.qrc
  MOC CPP_Interaction/abstractpage.h
  MOC CPP_Interaction/articleinfopagehandler.h
  MOC CPP_Storage/globalstoragecomponents.h
  MOC CPP_Interaction/loginpagehandler.h
  MOC CPP_Interaction/regulatorpagehandler.h
  MOC CPP_Interaction/senderpagehandler.h
  MOC CPP_Interaction/supervisorpagehandler.h
  MOC CPP_Interaction/translatorpagehandler.h
  MOC CPP_Interaction/userinfopagehandler.h
  abstractpage.cpp
  D:\11ACademia\C++Summer\Project\NewProj\proj\CPP_Interaction\abstractpage.cpp: warning C4819: 该文件包含不能在当前代码页(936)中表示的字符。请将该文件保存为 Unicode 格式以防止数据丢失
  D:\11ACademia\C++Summer\Project\NewProj\proj\CPP_Interaction\abstractpage.h: warning C4819: 该文件包含不能在当前代码页(936)中表示的字符。请将该文件保存为 Unicode 格式以防止数据丢失
  D:\11ACademia\C++Summer\Project\NewProj\proj\CPP_Storage\globalstoragecomponents.h: warning C4819: 该文件包含不能在当前代码页(936)中表示的字符。请将该文件保存为 Unicode 格式以防止数据丢失
  D:\11ACademia\C++Summer\Project\NewProj\proj\CPP_Data\myarticleobj.h: warning C4819: 该文件包含不能在当前代码页(936)中表示的字符。请将该文件保存为 Unicode 格式以防止数据丢失
  D:\11ACademia\C++Summer\Project\NewProj\proj\CPP_Storage\storageunit.h: warning C4819: 该文件包含不能在当前代码页(936)中表示的字符。请将该文件保存为 Unicode 格式以防止数据丢失
  D:\11ACademia\C++Summer\Project\NewProj\proj\CPP_Model\articleslist.h: warning C4819: 该文件包含不能在当前代码页(936)中表示的字符。请将该文件保存为 Unicode 格式以防止数据丢失
  D:\11ACademia\C++Summer\Project\NewProj\proj\CPP_Data\myuserobj.h: warning C4819: 该文件包含不能在当前代码页(936)中表示的字符。请将该文件保存为 Unicode 格式以防止数据丢失
  D:\11ACademia\C++Summer\Project\NewProj\proj\CPP_Data\myrequestobj.h: warning C4819: 该文件包含不能在当前代码页(936)中表示的字符。请将该文件保存为 Unicode 格式以防止数据丢失
  D:\11ACademia\C++Summer\Project\NewProj\proj\CPP_Interaction\userinfopagehandler.h: warning C4819: 该文件包含不能在当前代码页(936)中表示的字符。请将该文件保存为 Unicode 格式以防止数据丢失
  D:\11ACademia\C++Summer\Project\NewProj\proj\CPP_Model\requestuserlist.h: warning C4819: 该文件包含不能在当前代码页(936)中表示的字符。请将该文件保存为 Unicode 格式以防止数据丢失
  D:\11ACademia\C++Summer\Project\NewProj\proj\CPP_Model\messagelist.h: warning C4819: 该文件包含不能在当前代码页(936)中表示的字符。请将该文件保存为 Unicode 格式以防止数据丢失
  D:\11ACademia\C++Summer\Project\NewProj\proj\CPP_Interaction\articleinfopagehandler.h: warning C4819: 该文件包含不能在当前代码页(936)中表示的字符。请将该文件保存为 Unicode 格式以防止数据丢失
  articleinfopagehandler.cpp
  D:\11ACademia\C++Summer\Project\NewProj\proj\CPP_Interaction\articleinfopagehandler.cpp: warning C4819: 该文件包含不能在当前代码页(936)中表示的字符。请将该文件保存为 Unicode 格式以防止数据丢失
  D:\11ACademia\C++Summer\Project\NewProj\proj\CPP_Interaction\articleinfopagehandler.h: warning C4819: 该文件包含不能在当前代码页(936)中表示的字符。请将该文件保存为 Unicode 格式以防止数据丢失
  D:\11ACademia\C++Summer\Project\NewProj\proj\CPP_Interaction\abstractpage.h: warning C4819: 该文件包含不能在当前代码页(936)中表示的字符。请将该文件保存为 Unicode 格式以防止数据丢失
  D:\11ACademia\C++Summer\Project\NewProj\proj\CPP_Storage\globalstoragecomponents.h: warning C4819: 该文件包含不能在当前代码页(936)中表示的字符。请将该文件保存为 Unicode 格式以防止数据丢失
  D:\11ACademia\C++Summer\Project\NewProj\proj\CPP_Data\myarticleobj.h: warning C4819: 该文件包含不能在当前代码页(936)中表示的字符。请将该文件保存为 Unicode 格式以防止数据丢失
  D:\11ACademia\C++Summer\Project\NewProj\proj\CPP_Storage\storageunit.h: warning C4819: 该文件包含不能在当前代码页(936)中表示的字符。请将该文件保存为 Unicode 格式以防止数据丢失
  D:\11ACademia\C++Summer\Project\NewProj\proj\CPP_Model\articleslist.h: warning C4819: 该文件包含不能在当前代码页(936)中表示的字符。请将该文件保存为 Unicode 格式以防止数据丢失
  D:\11ACademia\C++Summer\Project\NewProj\proj\CPP_Data\myuserobj.h: warning C4819: 该文件包含不能在当前代码页(936)中表示的字符。请将该文件保存为 Unicode 格式以防止数据丢失
  D:\11ACademia\C++Summer\Project\NewProj\proj\CPP_Data\myrequestobj.h: warning C4819: 该文件包含不能在当前代码页(936)中表示的字符。请将该文件保存为 Unicode 格式以防止数据丢失
D:\11ACademia\C++Summer\Project\NewProj\proj\CPP_Interaction\articleinfopagehandler.cpp(59,25): error C2001:  常量中有换行符
D:\11ACademia\C++Summer\Project\NewProj\proj\CPP_Interaction\articleinfopagehandler.cpp(60,1): error C2143:  语法错误: 缺少“)”(在“}”的前面)
D:\11ACademia\C++Summer\Project\NewProj\proj\CPP_Interaction\articleinfopagehandler.cpp(60,1): error C2143:  语法错误: 缺少“;”(在“}”的前面)
D:\11ACademia\C++Summer\Project\NewProj\proj\CPP_Interaction\articleinfopagehandler.cpp(65,25): error C2001:  常量中有换行符
D:\11ACademia\C++Summer\Project\NewProj\proj\CPP_Interaction\articleinfopagehandler.cpp(66,1): error C2143:  语法错误: 缺少“)”(在“}”的前面)
D:\11ACademia\C++Summer\Project\NewProj\proj\CPP_Interaction\articleinfopagehandler.cpp(66,1): error C2143:  语法错误: 缺少“;”(在“}”的前面)
D:\11ACademia\C++Summer\Project\NewProj\proj\CPP_Interaction\articleinfopagehandler.cpp(71,25): error C2001:  常量中有换行符
D:\11ACademia\C++Summer\Project\NewProj\proj\CPP_Interaction\articleinfopagehandler.cpp(72,1): error C2143:  语法错误: 缺少“)”(在“}”的前面)
  articleslist.cpp
  globalstoragecomponents.cpp
D:\11ACademia\C++Summer\Project\NewProj\proj\CPP_Interaction\articleinfopagehandler.cpp(72,1): error C2143:  语法错误: 缺少“;”(在“}”的前面)
D:\11ACademia\C++Summer\Project\NewProj\proj\CPP_Interaction\articleinfopagehandler.cpp(72,1): error C2143: D:\11ACademia\C++Summer\Project\NewProj\proj\CPP_Model\articleslist.cpp: warning C4819: 该文件包含不能在当前代码页(936)中表示的字符。请将该文件保存为 Unicode 格式以防止数据丢失
D:\11ACademia\C++Summer\Project\NewProj\proj\CPP_Interaction\articleinfopagehandler.cpp(72,1): error C2143: D:\11ACademia\C++Summer\Project\NewProj\proj\CPP_Model\articleslist.h: warning C4819: 该文件包含不能在当前代码页(936)中表示的字符。请将该文件保存为 Unicode 格式以防止数据丢失
D:\11ACademia\C++Summer\Project\NewProj\proj\CPP_Interaction\articleinfopagehandler.cpp(72,1): error C2143: D:\11ACademia\C++Summer\Project\NewProj\proj\CPP_Data\myarticleobj.h: warning C4819: 该文件包含不能在当前代码页(936)中表示的字符。请将该文件保存为 Unicode 格式以防止数据丢失
D:\11ACademia\C++Summer\Project\NewProj\proj\CPP_Interaction\articleinfopagehandler.cpp(72,1): error C2143: D:\11ACademia\C++Summer\Project\NewProj\proj\CPP_Storage\storageunit.h: warning C4819: 该文件包含不能在当前代码页(936)中表示的字符。请将该文件保存为 Unicode 格式以防止数据丢失
D:\11ACademia\C++Summer\Project\NewProj\proj\CPP_Interaction\articleinfopagehandler.cpp(72,1): error C2143: D:\11ACademia\C++Summer\Project\NewProj\proj\CPP_Storage\globalstoragecomponents.cpp: warning C4819: 该文件包含不能在当前代码页(936)中表示的字符。请将该文件保存为 Unicode 格式以防止数据丢失
D:\11ACademia\C++Summer\Project\NewProj\proj\CPP_Interaction\articleinfopagehandler.cpp(72,1): error C2143: D:\11ACademia\C++Summer\Project\NewProj\proj\CPP_Storage\globalstoragecomponents.h: warning C4819: 该文件包含不能在当前代码页(936)中表示的字符。请将该文件保存为 Unicode 格式以防止数据丢失
D:\11ACademia\C++Summer\Project\NewProj\proj\CPP_Interaction\articleinfopagehandler.cpp(72,1): error C2143: D:\11ACademia\C++Summer\Project\NewProj\proj\CPP_Data\myarticleobj.h: warning C4819: 该文件包含不能在当前代码页(936)中表示的字符。请将该文件保存为 Unicode 格式以防止数据丢失
D:\11ACademia\C++Summer\Project\NewProj\proj\CPP_Interaction\articleinfopagehandler.cpp(72,1): error C2143: D:\11ACademia\C++Summer\Project\NewProj\proj\CPP_Storage\storageunit.h: warning C4819: 该文件包含不能在当前代码页(936)中表示的字符。请将该文件保存为 Unicode 格式以防止数据丢失
D:\11ACademia\C++Summer\Project\NewProj\proj\CPP_Interaction\articleinfopagehandler.cpp(72,1): error C2143: D:\11ACademia\C++Summer\Project\NewProj\proj\CPP_Model\articleslist.h: warning C4819: 该文件包含不能在当前代码页(936)中表示的字符。请将该文件保存为 Unicode 格式以防止数据丢失
D:\11ACademia\C++Summer\Project\NewProj\proj\CPP_Interaction\articleinfopagehandler.cpp(72,1): error C2143: D:\11ACademia\C++Summer\Project\NewProj\proj\CPP_Data\myuserobj.h: warning C4819: 该文件包含不能在当前代码页(936)中表示的字符。请将该文件保存为 Unicode 格式以防止数据丢失
D:\11ACademia\C++Summer\Project\NewProj\proj\CPP_Interaction\articleinfopagehandler.cpp(72,1): error C2143: D:\11ACademia\C++Summer\Project\NewProj\proj\CPP_Data\myrequestobj.h: warning C4819: 该文件包含不能在当前代码页(936)中表示的字符。请将该文件保存为 Unicode 格式以防止数据丢失
D:\11ACademia\C++Summer\Project\NewProj\proj\CPP_Storage\globalstoragecomponents.cpp(61,31): error C2001:  常量中有换行符
D:\11ACademia\C++Summer\Project\NewProj\proj\CPP_Storage\globalstoragecomponents.cpp(62,5): error C2143:  语法错误: 缺少“)”(在“}”的前面)
D:\11ACademia\C++Summer\Project\NewProj\proj\CPP_Storage\globalstoragecomponents.cpp(62,5): error C2143:  语法错误: 缺少“;”(在“}”的前面)
D:\11ACademia\C++Summer\Project\NewProj\proj\CPP_Storage\globalstoragecomponents.cpp(63,29): error C2001:  常量中有换行符
D:\11ACademia\C++Summer\Project\NewProj\proj\CPP_Storage\globalstoragecomponents.cpp(64,14): error C2143:  语法错误: 缺少“)”(在“QThread::msleep”的前面)
D:\11ACademia\C++Summer\Project\NewProj\proj\CPP_Storage\globalstoragecomponents.cpp(64,14): error C2143:  语法错误: 缺少“;”(在“QThread::msleep”的前面)
D:\11ACademia\C++Summer\Project\NewProj\proj\CPP_Storage\globalstoragecomponents.cpp(239,25): error C2001:  常量中有换行符
D:\11ACademia\C++Summer\Project\NewProj\proj\CPP_Storage\globalstoragecomponents.cpp(240,18): error C2146:  语法错误: 缺少“;”(在标识符“sendErrorMessage”的前面)
D:\11ACademia\C++Summer\Project\NewProj\proj\CPP_Storage\globalstoragecomponents.cpp(278,25): error C2001:  常量中有换行符
D:\11ACademia\C++Summer\Project\NewProj\proj\CPP_Storage\globalstoragecomponents.cpp(279,18): error C2146:  语法错误: 缺少“;”(在标识符“sendErrorMessage”的前面)
D:\11ACademia\C++Summer\Project\NewProj\proj\CPP_Storage\globalstoragecomponents.cpp(305,25): error C2001:  常量中有换行符
D:\11ACademia\C++Summer\Project\NewProj\proj\CPP_Storage\globalstoragecomponents.cpp(306,18): error C2146:  语法错误: 缺少“;”(在标识符“sendErrorMessage”的前面)
D:\11ACademia\C++Summer\Project\NewProj\proj\CPP_Storage\globalstoragecomponents.cpp(411,24): error C2001:  常量中有换行符
D:\11ACademia\C++Summer\Project\NewProj\proj\CPP_Storage\globalstoragecomponents.cpp(412,5): error C2143:  语法错误: 缺少“;”(在“case”的前面)
D:\11ACademia\C++Summer\Project\NewProj\proj\CPP_Storage\globalstoragecomponents.cpp(413,24): error C2001:  常量中有换行符
D:\11ACademia\C++Summer\Project\NewProj\proj\CPP_Storage\globalstoragecomponents.cpp(414,5): error C2143:  语法错误: 缺少“;”(在“case”的前面)
D:\11ACademia\C++Summer\Project\NewProj\proj\CPP_Storage\globalstoragecomponents.cpp(415,24): error C2001:  常量中有换行符
D:\11ACademia\C++Summer\Project\NewProj\proj\CPP_Storage\globalstoragecomponents.cpp(416,5): error C2143:  语法错误: 缺少“;”(在“case”的前面)
D:\11ACademia\C++Summer\Project\NewProj\proj\CPP_Storage\globalstoragecomponents.cpp(417,24): error C2001:  常量中有换行符
D:\11ACademia\C++Summer\Project\NewProj\proj\CPP_Storage\globalstoragecomponents.cpp(418,5): error C2143:  语法错误: 缺少“;”(在“case”的前面)
D:\11ACademia\C++Summer\Project\NewProj\proj\CPP_Storage\globalstoragecomponents.cpp(418,24): error C2001:  常量中有换行符
D:\11ACademia\C++Summer\Project\NewProj\proj\CPP_Storage\globalstoragecomponents.cpp(419,5): error C2143:  语法错误: 缺少“;”(在“case”的前面)
D:\11ACademia\C++Summer\Project\NewProj\proj\CPP_Storage\globalstoragecomponents.cpp(421,24): error C2001:  常量中有换行符
D:\11ACademia\C++Summer\Project\NewProj\proj\CPP_Storage\globalstoragecomponents.cpp(422,5): error C2143:  语法错误: 缺少“;”(在“case”的前面)
D:\11ACademia\C++Summer\Project\NewProj\proj\CPP_Storage\globalstoragecomponents.cpp(422,24): error C2001:  常量中有换行符
D:\11ACademia\C++Summer\Project\NewProj\proj\CPP_Storage\globalstoragecomponents.cpp(423,5): error C2143:  语法错误: 缺少“;”(在“case”的前面)
D:\11ACademia\C++Summer\Project\NewProj\proj\CPP_Storage\globalstoragecomponents.cpp(423,24): error C2001:  常量中有换行符
D:\11ACademia\C++Summer\Project\NewProj\proj\CPP_Storage\globalstoragecomponents.cpp(424,5): error C2143:  语法错误: 缺少“;”(在“case”的前面)
D:\11ACademia\C++Summer\Project\NewProj\proj\CPP_Storage\globalstoragecomponents.cpp(425,24): error C2001:  常量中有换行符
  loginpagehandler.cpp
D:\11ACademia\C++Summer\Project\NewProj\proj\CPP_Storage\globalstoragecomponents.cpp(426,5): error C2143:  语法错误: 缺少“;”(在“case”的前面)
D:\11ACademia\C++Summer\Project\NewProj\proj\CPP_Storage\globalstoragecomponents.cpp(426,5): error C2143: D:\11ACademia\C++Summer\Project\NewProj\proj\CPP_Interaction\loginpagehandler.cpp: warning C4819: 该文件包含不能在当前代码页(936)中表示的字符。请将该文件保存为 Unicode 格式以防止数据丢失
D:\11ACademia\C++Summer\Project\NewProj\proj\CPP_Storage\globalstoragecomponents.cpp(426,5): error C2143: D:\11ACademia\C++Summer\Project\NewProj\proj\CPP_Interaction\loginpagehandler.h: warning C4819: 该文件包含不能在当前代码页(936)中表示的字符。请将该文件保存为 Unicode 格式以防止数据丢失
D:\11ACademia\C++Summer\Project\NewProj\proj\CPP_Storage\globalstoragecomponents.cpp(426,5): error C2143: D:\11ACademia\C++Summer\Project\NewProj\proj\CPP_Storage\globalstoragecomponents.h: warning C4819: 该文件包含不能在当前代码页(936)中表示的字符。请将该文件保存为 Unicode 格式以防止数据丢失
D:\11ACademia\C++Summer\Project\NewProj\proj\CPP_Storage\globalstoragecomponents.cpp(426,5): error C2143: D:\11ACademia\C++Summer\Project\NewProj\proj\CPP_Data\myarticleobj.h: warning C4819: 该文件包含不能在当前代码页(936)中表示的字符。请将该文件保存为 Unicode 格式以防止数据丢失
D:\11ACademia\C++Summer\Project\NewProj\proj\CPP_Storage\globalstoragecomponents.cpp(426,5): error C2143: D:\11ACademia\C++Summer\Project\NewProj\proj\CPP_Storage\storageunit.h: warning C4819: 该文件包含不能在当前代码页(936)中表示的字符。请将该文件保存为 Unicode 格式以防止数据丢失
D:\11ACademia\C++Summer\Project\NewProj\proj\CPP_Storage\globalstoragecomponents.cpp(426,5): error C2143: D:\11ACademia\C++Summer\Project\NewProj\proj\CPP_Model\articleslist.h: warning C4819: 该文件包含不能在当前代码页(936)中表示的字符。请将该文件保存为 Unicode 格式以防止数据丢失
D:\11ACademia\C++Summer\Project\NewProj\proj\CPP_Storage\globalstoragecomponents.cpp(426,5): error C2143: D:\11ACademia\C++Summer\Project\NewProj\proj\CPP_Data\myuserobj.h: warning C4819: 该文件包含不能在当前代码页(936)中表示的字符。请将该文件保存为 Unicode 格式以防止数据丢失
D:\11ACademia\C++Summer\Project\NewProj\proj\CPP_Storage\globalstoragecomponents.cpp(426,5): error C2143: D:\11ACademia\C++Summer\Project\NewProj\proj\CPP_Data\myrequestobj.h: warning C4819: 该文件包含不能在当前代码页(936)中表示的字符。请将该文件保存为 Unicode 格式以防止数据丢失
D:\11ACademia\C++Summer\Project\NewProj\proj\CPP_Storage\globalstoragecomponents.cpp(426,5): error C2143: D:\11ACademia\C++Summer\Project\NewProj\proj\CPP_Interaction\senderpagehandler.h: warning C4819: 该文件包含不能在当前代码页(936)中表示的字符。请将该文件保存为 Unicode 格式以防止数据丢失
D:\11ACademia\C++Summer\Project\NewProj\proj\CPP_Storage\globalstoragecomponents.cpp(426,5): error C2143: D:\11ACademia\C++Summer\Project\NewProj\proj\CPP_Model\requestuserlist.h: warning C4819: 该文件包含不能在当前代码页(936)中表示的字符。请将该文件保存为 Unicode 格式以防止数据丢失
D:\11ACademia\C++Summer\Project\NewProj\proj\CPP_Storage\globalstoragecomponents.cpp(426,5): error C2143: D:\11ACademia\C++Summer\Project\NewProj\proj\CPP_Interaction\abstractpage.h: warning C4819: 该文件包含不能在当前代码页(936)中表示的字符。请将该文件保存为 Unicode 格式以防止数据丢失
D:\11ACademia\C++Summer\Project\NewProj\proj\CPP_Storage\globalstoragecomponents.cpp(426,5): error C2143: D:\11ACademia\C++Summer\Project\NewProj\proj\CPP_Interaction\regulatorpagehandler.h: warning C4819: 该文件包含不能在当前代码页(936)中表示的字符。请将该文件保存为 Unicode 格式以防止数据丢失
D:\11ACademia\C++Summer\Project\NewProj\proj\CPP_Storage\globalstoragecomponents.cpp(426,5): error C2143: D:\11ACademia\C++Summer\Project\NewProj\proj\CPP_Interaction\translatorpagehandler.h: warning C4819: 该文件包含不能在当前代码页(936)中表示的字符。请将该文件保存为 Unicode 格式以防止数据丢失
D:\11ACademia\C++Summer\Project\NewProj\proj\CPP_Storage\globalstoragecomponents.cpp(426,5): error C2143: D:\11ACademia\C++Summer\Project\NewProj\proj\CPP_Interaction\supervisorpagehandler.h: warning C4819: 该文件包含不能在当前代码页(936)中表示的字符。请将该文件保存为 Unicode 格式以防止数据丢失
D:\11ACademia\C++Summer\Project\NewProj\proj\CPP_Storage\globalstoragecomponents.cpp(426,5): error C2143: D:\11ACademia\C++Summer\Project\NewProj\proj\CPP_Interaction\userinfopagehandler.h: warning C4819: 该文件包含不能在当前代码页(936)中表示的字符。请将该文件保存为 Unicode 格式以防止数据丢失
D:\11ACademia\C++Summer\Project\NewProj\proj\CPP_Storage\globalstoragecomponents.cpp(426,5): error C2143: D:\11ACademia\C++Summer\Project\NewProj\proj\CPP_Model\messagelist.h: warning C4819: 该文件包含不能在当前代码页(936)中表示的字符。请将该文件保存为 Unicode 格式以防止数据丢失
D:\11ACademia\C++Summer\Project\NewProj\proj\CPP_Interaction\loginpagehandler.cpp(99,31): error C2001:  常量中有换行符
D:\11ACademia\C++Summer\Project\NewProj\proj\CPP_Interaction\loginpagehandler.cpp(100,9): error C2143:  语法错误: 缺少“)”(在“break”的前面)
D:\11ACademia\C++Summer\Project\NewProj\proj\CPP_Interaction\loginpagehandler.cpp(100,9): error C2143:  语法错误: 缺少“;”(在“break”的前面)
D:\11ACademia\C++Summer\Project\NewProj\proj\CPP_Interaction\loginpagehandler.cpp(104,31): error C2001:  常量中有换行符
D:\11ACademia\C++Summer\Project\NewProj\proj\CPP_Interaction\loginpagehandler.cpp(105,9): error C2143:  语法错误: 缺少“)”(在“break”的前面)
D:\11ACademia\C++Summer\Project\NewProj\proj\CPP_Interaction\loginpagehandler.cpp(105,9): error C2143:  语法错误: 缺少“;”(在“break”的前面)
D:\11ACademia\C++Summer\Project\NewProj\proj\CPP_Interaction\loginpagehandler.cpp(109,31): error C2001:  常量中有换行符
D:\11ACademia\C++Summer\Project\NewProj\proj\CPP_Interaction\loginpagehandler.cpp(110,9): error C2143:  语法错误: 缺少“)”(在“break”的前面)
D:\11ACademia\C++Summer\Project\NewProj\proj\CPP_Interaction\loginpagehandler.cpp(110,9): error C2143:  语法错误: 缺少“;”(在“break”的前面)
D:\11ACademia\C++Summer\Project\NewProj\proj\CPP_Interaction\loginpagehandler.cpp(133,31): error C2001:  常量中有换行符
D:\11ACademia\C++Summer\Project\NewProj\proj\CPP_Interaction\loginpagehandler.cpp(134,5): error C2143:  语法错误: 缺少“)”(在“else”的前面)
D:\11ACademia\C++Summer\Project\NewProj\proj\CPP_Interaction\loginpagehandler.cpp(134,5): error C2143:  语法错误: 缺少“;”(在“else”的前面)
D:\11ACademia\C++Summer\Project\NewProj\proj\CPP_Interaction\loginpagehandler.cpp(145,18): error C2001:  常量中有换行符
D:\11ACademia\C++Summer\Project\NewProj\proj\CPP_Interaction\loginpagehandler.cpp(146,9): error C2146:  语法错误: 缺少“;”(在标识符“mSignupUser”的前面)
D:\11ACademia\C++Summer\Project\NewProj\proj\CPP_Interaction\loginpagehandler.cpp(146,1): error C2429:  语言功能 "if/switch 中的 init-statement" 需要编译器标志 "/std:c++17"
D:\11ACademia\C++Summer\Project\NewProj\proj\CPP_Interaction\loginpagehandler.cpp(146,1): error C2059:  语法错误:“->”
D:\11ACademia\C++Summer\Project\NewProj\proj\CPP_Interaction\loginpagehandler.cpp(147,5): error C2181:  没有匹配 if 的非法 else
D:\11ACademia\C++Summer\Project\NewProj\proj\CPP_Interaction\loginpagehandler.cpp(147,23): error C2001:  常量中有换行符
D:\11ACademia\C++Summer\Project\NewProj\proj\CPP_Interaction\loginpagehandler.cpp(148,9): error C2146:  语法错误: 缺少“;”(在标识符“mSignupUser”的前面)
D:\11ACademia\C++Summer\Project\NewProj\proj\CPP_Interaction\loginpagehandler.cpp(148,1): error C2429:  语言功能 "if/switch 中的 init-statement" 需要编译器标志 "/std:c++17"
D:\11ACademia\C++Summer\Project\NewProj\proj\CPP_Interaction\loginpagehandler.cpp(148,1): error C2059:  语法错误:“->”
D:\11ACademia\C++Summer\Project\NewProj\proj\CPP_Interaction\loginpagehandler.cpp(149,5): error C2181:  没有匹配 if 的非法 else
D:\11ACademia\C++Summer\Project\NewProj\proj\CPP_Interaction\loginpagehandler.cpp(149,23): error C2001:  常量中有换行符
D:\11ACademia\C++Summer\Project\NewProj\proj\CPP_Interaction\loginpagehandler.cpp(150,9): error C2146:  语法错误: 缺少“;”(在标识符“mSignupUser”的前面)
D:\11ACademia\C++Summer\Project\NewProj\proj\CPP_Interaction\loginpagehandler.cpp(150,1): error C2429:  语言功能 "if/switch 中的 init-statement" 需要编译器标志 "/std:c++17"
D:\11ACademia\C++Summer\Project\NewProj\proj\CPP_Interaction\loginpagehandler.cpp(150,1): error C2059:  语法错误:“->”
  main.cpp
  messagelist.cpp
  myarticleobj.cpp
  myrequestobj.cpp
  myuserobj.cpp
  regulatorpagehandler.cpp
D:\11ACademia\C++Summer\Project\NewProj\proj\CPP_Interaction\loginpagehandler.cpp(151,5): error C2181:  没有匹配 if 的非法 else
D:\11ACademia\C++Summer\Project\NewProj\proj\CPP_Interaction\loginpagehandler.cpp(151,5): error C2181: D:\11ACademia\C++Summer\Project\NewProj\proj\CPP_Interaction\loginpagehandler.h: warning C4819: 该文件包含不能在当前代码页(936)中表示的字符。请将该文件保存为 Unicode 格式以防止数据丢失
D:\11ACademia\C++Summer\Project\NewProj\proj\CPP_Interaction\loginpagehandler.cpp(151,5): error C2181: D:\11ACademia\C++Summer\Project\NewProj\proj\CPP_Storage\globalstoragecomponents.h: warning C4819: 该文件包含不能在当前代码页(936)中表示的字符。请将该文件保存为 Unicode 格式以防止数据丢失
D:\11ACademia\C++Summer\Project\NewProj\proj\CPP_Interaction\loginpagehandler.cpp(151,5): error C2181: D:\11ACademia\C++Summer\Project\NewProj\proj\CPP_Data\myarticleobj.h: warning C4819: 该文件包含不能在当前代码页(936)中表示的字符。请将该文件保存为 Unicode 格式以防止数据丢失
D:\11ACademia\C++Summer\Project\NewProj\proj\CPP_Interaction\loginpagehandler.cpp(151,5): error C2181: D:\11ACademia\C++Summer\Project\NewProj\proj\CPP_Storage\storageunit.h: warning C4819: 该文件包含不能在当前代码页(936)中表示的字符。请将该文件保存为 Unicode 格式以防止数据丢失
D:\11ACademia\C++Summer\Project\NewProj\proj\CPP_Interaction\loginpagehandler.cpp(151,5): error C2181: D:\11ACademia\C++Summer\Project\NewProj\proj\CPP_Model\articleslist.h: warning C4819: 该文件包含不能在当前代码页(936)中表示的字符。请将该文件保存为 Unicode 格式以防止数据丢失
D:\11ACademia\C++Summer\Project\NewProj\proj\CPP_Interaction\loginpagehandler.cpp(151,5): error C2181: D:\11ACademia\C++Summer\Project\NewProj\proj\CPP_Data\myuserobj.h: warning C4819: 该文件包含不能在当前代码页(936)中表示的字符。请将该文件保存为 Unicode 格式以防止数据丢失
D:\11ACademia\C++Summer\Project\NewProj\proj\CPP_Interaction\loginpagehandler.cpp(151,5): error C2181: D:\11ACademia\C++Summer\Project\NewProj\proj\CPP_Data\myrequestobj.h: warning C4819: 该文件包含不能在当前代码页(936)中表示的字符。请将该文件保存为 Unicode 格式以防止数据丢失
D:\11ACademia\C++Summer\Project\NewProj\proj\CPP_Interaction\loginpagehandler.cpp(151,5): error C2181: D:\11ACademia\C++Summer\Project\NewProj\proj\CPP_Interaction\senderpagehandler.h: warning C4819: 该文件包含不能在当前代码页(936)中表示的字符。请将该文件保存为 Unicode 格式以防止数据丢失
D:\11ACademia\C++Summer\Project\NewProj\proj\CPP_Interaction\loginpagehandler.cpp(151,5): error C2181: D:\11ACademia\C++Summer\Project\NewProj\proj\CPP_Model\requestuserlist.h: warning C4819: 该文件包含不能在当前代码页(936)中表示的字符。请将该文件保存为 Unicode 格式以防止数据丢失
D:\11ACademia\C++Summer\Project\NewProj\proj\CPP_Interaction\loginpagehandler.cpp(151,5): error C2181: D:\11ACademia\C++Summer\Project\NewProj\proj\CPP_Interaction\abstractpage.h: warning C4819: 该文件包含不能在当前代码页(936)中表示的字符。请将该文件保存为 Unicode 格式以防止数据丢失
D:\11ACademia\C++Summer\Project\NewProj\proj\CPP_Interaction\loginpagehandler.cpp(151,5): error C2181: D:\11ACademia\C++Summer\Project\NewProj\proj\CPP_Interaction\regulatorpagehandler.h: warning C4819: 该文件包含不能在当前代码页(936)中表示的字符。请将该文件保存为 Unicode 格式以防止数据丢失
D:\11ACademia\C++Summer\Project\NewProj\proj\CPP_Interaction\loginpagehandler.cpp(151,5): error C2181: D:\11ACademia\C++Summer\Project\NewProj\proj\CPP_Interaction\translatorpagehandler.h: warning C4819: 该文件包含不能在当前代码页(936)中表示的字符。请将该文件保存为 Unicode 格式以防止数据丢失
D:\11ACademia\C++Summer\Project\NewProj\proj\CPP_Interaction\loginpagehandler.cpp(151,5): error C2181: D:\11ACademia\C++Summer\Project\NewProj\proj\CPP_Interaction\supervisorpagehandler.h: warning C4819: 该文件包含不能在当前代码页(936)中表示的字符。请将该文件保存为 Unicode 格式以防止数据丢失
D:\11ACademia\C++Summer\Project\NewProj\proj\CPP_Interaction\loginpagehandler.cpp(151,5): error C2181: D:\11ACademia\C++Summer\Project\NewProj\proj\CPP_Model\MessageList.h: warning C4819: 该文件包含不能在当前代码页(936)中表示的字符。请将该文件保存为 Unicode 格式以防止数据丢失
D:\11ACademia\C++Summer\Project\NewProj\proj\CPP_Interaction\loginpagehandler.cpp(151,5): error C2181: D:\11ACademia\C++Summer\Project\NewProj\proj\CPP_Data\myuserobj.h: warning C4819: 该文件包含不能在当前代码页(936)中表示的字符。请将该文件保存为 Unicode 格式以防止数据丢失
D:\11ACademia\C++Summer\Project\NewProj\proj\CPP_Interaction\loginpagehandler.cpp(151,5): error C2181: D:\11ACademia\C++Summer\Project\NewProj\proj\CPP_Storage\storageunit.h: warning C4819: 该文件包含不能在当前代码页(936)中表示的字符。请将该文件保存为 Unicode 格式以防止数据丢失
D:\11ACademia\C++Summer\Project\NewProj\proj\CPP_Interaction\loginpagehandler.cpp(151,5): error C2181: D:\11ACademia\C++Summer\Project\NewProj\proj\CPP_Data\myrequestobj.h: warning C4819: 该文件包含不能在当前代码页(936)中表示的字符。请将该文件保存为 Unicode 格式以防止数据丢失
D:\11ACademia\C++Summer\Project\NewProj\proj\CPP_Interaction\loginpagehandler.cpp(151,5): error C2181: D:\11ACademia\C++Summer\Project\NewProj\proj\CPP_Data\myarticleobj.cpp: warning C4819: 该文件包含不能在当前代码页(936)中表示的字符。请将该文件保存为 Unicode 格式以防止数据丢失
D:\11ACademia\C++Summer\Project\NewProj\proj\CPP_Interaction\loginpagehandler.cpp(151,5): error C2181: D:\11ACademia\C++Summer\Project\NewProj\proj\CPP_Data\myarticleobj.h: warning C4819: 该文件包含不能在当前代码页(936)中表示的字符。请将该文件保存为 Unicode 格式以防止数据丢失
D:\11ACademia\C++Summer\Project\NewProj\proj\CPP_Interaction\loginpagehandler.cpp(151,5): error C2181: D:\11ACademia\C++Summer\Project\NewProj\proj\CPP_Storage\storageunit.h: warning C4819: 该文件包含不能在当前代码页(936)中表示的字符。请将该文件保存为 Unicode 格式以防止数据丢失
D:\11ACademia\C++Summer\Project\NewProj\proj\CPP_Interaction\loginpagehandler.cpp(151,5): error C2181: D:\11ACademia\C++Summer\Project\NewProj\proj\CPP_Storage\globalstoragecomponents.h: warning C4819: 该文件包含不能在当前代码页(936)中表示的字符。请将该文件保存为 Unicode 格式以防止数据丢失
D:\11ACademia\C++Summer\Project\NewProj\proj\CPP_Interaction\loginpagehandler.cpp(151,5): error C2181: D:\11ACademia\C++Summer\Project\NewProj\proj\CPP_Model\articleslist.h: warning C4819: 该文件包含不能在当前代码页(936)中表示的字符。请将该文件保存为 Unicode 格式以防止数据丢失
D:\11ACademia\C++Summer\Project\NewProj\proj\CPP_Interaction\loginpagehandler.cpp(151,5): error C2181: D:\11ACademia\C++Summer\Project\NewProj\proj\CPP_Data\myuserobj.h: warning C4819: 该文件包含不能在当前代码页(936)中表示的字符。请将该文件保存为 Unicode 格式以防止数据丢失
D:\11ACademia\C++Summer\Project\NewProj\proj\CPP_Interaction\loginpagehandler.cpp(151,5): error C2181: D:\11ACademia\C++Summer\Project\NewProj\proj\CPP_Data\myrequestobj.h: warning C4819: 该文件包含不能在当前代码页(936)中表示的字符。请将该文件保存为 Unicode 格式以防止数据丢失
D:\11ACademia\C++Summer\Project\NewProj\proj\CPP_Interaction\loginpagehandler.cpp(151,5): error C2181: D:\11ACademia\C++Summer\Project\NewProj\proj\CPP_Data\myrequestobj.cpp: warning C4819: 该文件包含不能在当前代码页(936)中表示的字符。请将该文件保存为 Unicode 格式以防止数据丢失
D:\11ACademia\C++Summer\Project\NewProj\proj\CPP_Interaction\loginpagehandler.cpp(151,5): error C2181: D:\11ACademia\C++Summer\Project\NewProj\proj\CPP_Data\myrequestobj.h: warning C4819: 该文件包含不能在当前代码页(936)中表示的字符。请将该文件保存为 Unicode 格式以防止数据丢失
D:\11ACademia\C++Summer\Project\NewProj\proj\CPP_Interaction\loginpagehandler.cpp(151,5): error C2181: D:\11ACademia\C++Summer\Project\NewProj\proj\CPP_Storage\storageunit.h: warning C4819: 该文件包含不能在当前代码页(936)中表示的字符。请将该文件保存为 Unicode 格式以防止数据丢失
D:\11ACademia\C++Summer\Project\NewProj\proj\CPP_Interaction\loginpagehandler.cpp(151,5): error C2181: D:\11ACademia\C++Summer\Project\NewProj\proj\CPP_Data\myuserobj.cpp: warning C4819: 该文件包含不能在当前代码页(936)中表示的字符。请将该文件保存为 Unicode 格式以防止数据丢失
D:\11ACademia\C++Summer\Project\NewProj\proj\CPP_Interaction\loginpagehandler.cpp(151,5): error C2181: D:\11ACademia\C++Summer\Project\NewProj\proj\CPP_Data\myuserobj.h: warning C4819: 该文件包含不能在当前代码页(936)中表示的字符。请将该文件保存为 Unicode 格式以防止数据丢失
D:\11ACademia\C++Summer\Project\NewProj\proj\CPP_Interaction\loginpagehandler.cpp(151,5): error C2181: D:\11ACademia\C++Summer\Project\NewProj\proj\CPP_Storage\storageunit.h: warning C4819: 该文件包含不能在当前代码页(936)中表示的字符。请将该文件保存为 Unicode 格式以防止数据丢失
D:\11ACademia\C++Summer\Project\NewProj\proj\CPP_Interaction\loginpagehandler.cpp(151,5): error C2181: D:\11ACademia\C++Summer\Project\NewProj\proj\CPP_Interaction\regulatorpagehandler.cpp: warning C4819: 该文件包含不能在当前代码页(936)中表示的字符。请将该文件保存为 Unicode 格式以防止数据丢失
D:\11ACademia\C++Summer\Project\NewProj\proj\CPP_Interaction\loginpagehandler.cpp(151,5): error C2181: D:\11ACademia\C++Summer\Project\NewProj\proj\CPP_Interaction\regulatorpagehandler.h: warning C4819: 该文件包含不能在当前代码页(936)中表示的字符。请将该文件保存为 Unicode 格式以防止数据丢失
D:\11ACademia\C++Summer\Project\NewProj\proj\CPP_Interaction\loginpagehandler.cpp(151,5): error C2181: D:\11ACademia\C++Summer\Project\NewProj\proj\CPP_Model\requestuserlist.h: warning C4819: 该文件包含不能在当前代码页(936)中表示的字符。请将该文件保存为 Unicode 格式以防止数据丢失
D:\11ACademia\C++Summer\Project\NewProj\proj\CPP_Interaction\loginpagehandler.cpp(151,5): error C2181: D:\11ACademia\C++Summer\Project\NewProj\proj\CPP_Data\myuserobj.h: warning C4819: 该文件包含不能在当前代码页(936)中表示的字符。请将该文件保存为 Unicode 格式以防止数据丢失
D:\11ACademia\C++Summer\Project\NewProj\proj\CPP_Interaction\loginpagehandler.cpp(151,5): error C2181: D:\11ACademia\C++Summer\Project\NewProj\proj\CPP_Storage\storageunit.h: warning C4819: 该文件包含不能在当前代码页(936)中表示的字符。请将该文件保存为 Unicode 格式以防止数据丢失
D:\11ACademia\C++Summer\Project\NewProj\proj\CPP_Interaction\loginpagehandler.cpp(151,5): error C2181: D:\11ACademia\C++Summer\Project\NewProj\proj\CPP_Storage\globalstoragecomponents.h: warning C4819: 该文件包含不能在当前代码页(936)中表示的字符。请将该文件保存为 Unicode 格式以防止数据丢失
D:\11ACademia\C++Summer\Project\NewProj\proj\CPP_Interaction\loginpagehandler.cpp(151,5): error C2181: D:\11ACademia\C++Summer\Project\NewProj\proj\CPP_Data\myarticleobj.h: warning C4819: 该文件包含不能在当前代码页(936)中表示的字符。请将该文件保存为 Unicode 格式以防止数据丢失
D:\11ACademia\C++Summer\Project\NewProj\proj\CPP_Interaction\loginpagehandler.cpp(151,5): error C2181: D:\11ACademia\C++Summer\Project\NewProj\proj\CPP_Model\articleslist.h: warning C4819: 该文件包含不能在当前代码页(936)中表示的字符。请将该文件保存为 Unicode 格式以防止数据丢失
D:\11ACademia\C++Summer\Project\NewProj\proj\CPP_Interaction\loginpagehandler.cpp(151,5): error C2181: D:\11ACademia\C++Summer\Project\NewProj\proj\CPP_Data\myrequestobj.h: warning C4819: 该文件包含不能在当前代码页(936)中表示的字符。请将该文件保存为 Unicode 格式以防止数据丢失
D:\11ACademia\C++Summer\Project\NewProj\proj\CPP_Interaction\loginpagehandler.cpp(151,5): error C2181: D:\11ACademia\C++Summer\Project\NewProj\proj\CPP_Interaction\abstractpage.h: warning C4819: 该文件包含不能在当前代码页(936)中表示的字符。请将该文件保存为 Unicode 格式以防止数据丢失
D:\11ACademia\C++Summer\Project\NewProj\proj\CPP_Interaction\loginpagehandler.cpp(151,5): error C2181: D:\11ACademia\C++Summer\Project\NewProj\proj\CPP_Interaction\userinfopagehandler.h: warning C4819: 该文件包含不能在当前代码页(936)中表示的字符。请将该文件保存为 Unicode 格式以防止数据丢失
D:\11ACademia\C++Summer\Project\NewProj\proj\CPP_Interaction\loginpagehandler.cpp(151,5): error C2181: D:\11ACademia\C++Summer\Project\NewProj\proj\CPP_Model\messagelist.h: warning C4819: 该文件包含不能在当前代码页(936)中表示的字符。请将该文件保存为 Unicode 格式以防止数据丢失
D:\11ACademia\C++Summer\Project\NewProj\proj\CPP_Interaction\regulatorpagehandler.cpp(118,65): error C2001:  常量中有换行符
D:\11ACademia\C++Summer\Project\NewProj\proj\CPP_Interaction\regulatorpagehandler.cpp(118,65): error C2296:  “%”: 非法，左操作数包含“const char [22]”类型
D:\11ACademia\C++Summer\Project\NewProj\proj\CPP_Interaction\regulatorpagehandler.cpp(118,65): error C2143:  语法错误: 缺少“;”(在“字符串”的前面)
D:\11ACademia\C++Summer\Project\NewProj\proj\CPP_Interaction\regulatorpagehandler.cpp(119,9): error C2146:  语法错误: 缺少“;”(在标识符“MyArticleObj”的前面)
D:\11ACademia\C++Summer\Project\NewProj\proj\CPP_Interaction\regulatorpagehandler.cpp(137,29): error C2001:  常量中有换行符
D:\11ACademia\C++Summer\Project\NewProj\proj\CPP_Interaction\regulatorpagehandler.cpp(138,1): error C2143:  语法错误: 缺少“)”(在“}”的前面)
D:\11ACademia\C++Summer\Project\NewProj\proj\CPP_Interaction\regulatorpagehandler.cpp(138,1): error C2143:  语法错误: 缺少“;”(在“}”的前面)
D:\11ACademia\C++Summer\Project\NewProj\proj\CPP_Interaction\regulatorpagehandler.cpp(221,29): error C2001:  常量中有换行符
D:\11ACademia\C++Summer\Project\NewProj\proj\CPP_Interaction\regulatorpagehandler.cpp(222,1): error C2143:  语法错误: 缺少“)”(在“}”的前面)
D:\11ACademia\C++Summer\Project\NewProj\proj\CPP_Interaction\regulatorpagehandler.cpp(222,1): error C2143:  语法错误: 缺少“;”(在“}”的前面)
D:\11ACademia\C++Summer\Project\NewProj\proj\CPP_Interaction\regulatorpagehandler.cpp(297,33): error C2001:  常量中有换行符
D:\11ACademia\C++Summer\Project\NewProj\proj\CPP_Interaction\regulatorpagehandler.cpp(298,5): error C2143:  语法错误: 缺少“)”(在“}”的前面)
D:\11ACademia\C++Summer\Project\NewProj\proj\CPP_Interaction\regulatorpagehandler.cpp(298,5): error C2143:  语法错误: 缺少“;”(在“}”的前面)
D:\11ACademia\C++Summer\Project\NewProj\proj\CPP_Interaction\regulatorpagehandler.cpp(298,34): error C2001:  常量中有换行符
D:\11ACademia\C++Summer\Project\NewProj\proj\CPP_Interaction\regulatorpagehandler.cpp(299,1): error C2143:  语法错误: 缺少“)”(在“}”的前面)
D:\11ACademia\C++Summer\Project\NewProj\proj\CPP_Interaction\regulatorpagehandler.cpp(299,1): error C2143:  语法错误: 缺少“;”(在“}”的前面)
D:\11ACademia\C++Summer\Project\NewProj\proj\CPP_Interaction\regulatorpagehandler.cpp(339,31): error C2001:  常量中有换行符
D:\11ACademia\C++Summer\Project\NewProj\proj\CPP_Interaction\regulatorpagehandler.cpp(340,5): error C2143:  语法错误: 缺少“)”(在“}”的前面)
D:\11ACademia\C++Summer\Project\NewProj\proj\CPP_Interaction\regulatorpagehandler.cpp(340,5): error C2143:  语法错误: 缺少“;”(在“}”的前面)
D:\11ACademia\C++Summer\Project\NewProj\proj\CPP_Interaction\regulatorpagehandler.cpp(358,29): error C2001:  常量中有换行符
D:\11ACademia\C++Summer\Project\NewProj\proj\CPP_Interaction\regulatorpagehandler.cpp(359,1): error C2143:  语法错误: 缺少“)”(在“}”的前面)
D:\11ACademia\C++Summer\Project\NewProj\proj\CPP_Interaction\regulatorpagehandler.cpp(359,1): error C2143:  语法错误: 缺少“;”(在“}”的前面)
D:\11ACademia\C++Summer\Project\NewProj\proj\CPP_Interaction\regulatorpagehandler.cpp(446,60): error C2001:  常量中有换行符
D:\11ACademia\C++Summer\Project\NewProj\proj\CPP_Interaction\regulatorpagehandler.cpp(447,1): error C2143:  语法错误: 缺少“)”(在“}”的前面)
  requestuserlist.cpp
  senderpagehandler.cpp
D:\11ACademia\C++Summer\Project\NewProj\proj\CPP_Interaction\regulatorpagehandler.cpp(447,1): error C2143:  语法错误: 缺少“;”(在“}”的前面)
D:\11ACademia\C++Summer\Project\NewProj\proj\CPP_Interaction\regulatorpagehandler.cpp(447,1): error C2143: D:\11ACademia\C++Summer\Project\NewProj\proj\CPP_Model\RequestUserList.h: warning C4819: 该文件包含不能在当前代码页(936)中表示的字符。请将该文件保存为 Unicode 格式以防止数据丢失
D:\11ACademia\C++Summer\Project\NewProj\proj\CPP_Interaction\regulatorpagehandler.cpp(447,1): error C2143: D:\11ACademia\C++Summer\Project\NewProj\proj\CPP_Data\myuserobj.h: warning C4819: 该文件包含不能在当前代码页(936)中表示的字符。请将该文件保存为 Unicode 格式以防止数据丢失
D:\11ACademia\C++Summer\Project\NewProj\proj\CPP_Interaction\regulatorpagehandler.cpp(447,1): error C2143: D:\11ACademia\C++Summer\Project\NewProj\proj\CPP_Storage\storageunit.h: warning C4819: 该文件包含不能在当前代码页(936)中表示的字符。请将该文件保存为 Unicode 格式以防止数据丢失
D:\11ACademia\C++Summer\Project\NewProj\proj\CPP_Interaction\regulatorpagehandler.cpp(447,1): error C2143: D:\11ACademia\C++Summer\Project\NewProj\proj\CPP_Interaction\senderpagehandler.cpp: warning C4819: 该文件包含不能在当前代码页(936)中表示的字符。请将该文件保存为 Unicode 格式以防止数据丢失
D:\11ACademia\C++Summer\Project\NewProj\proj\CPP_Interaction\regulatorpagehandler.cpp(447,1): error C2143: D:\11ACademia\C++Summer\Project\NewProj\proj\CPP_Interaction\senderpagehandler.h: warning C4819: 该文件包含不能在当前代码页(936)中表示的字符。请将该文件保存为 Unicode 格式以防止数据丢失
D:\11ACademia\C++Summer\Project\NewProj\proj\CPP_Interaction\regulatorpagehandler.cpp(447,1): error C2143: D:\11ACademia\C++Summer\Project\NewProj\proj\CPP_Storage\globalstoragecomponents.h: warning C4819: 该文件包含不能在当前代码页(936)中表示的字符。请将该文件保存为 Unicode 格式以防止数据丢失
D:\11ACademia\C++Summer\Project\NewProj\proj\CPP_Interaction\regulatorpagehandler.cpp(447,1): error C2143: D:\11ACademia\C++Summer\Project\NewProj\proj\CPP_Data\myarticleobj.h: warning C4819: 该文件包含不能在当前代码页(936)中表示的字符。请将该文件保存为 Unicode 格式以防止数据丢失
D:\11ACademia\C++Summer\Project\NewProj\proj\CPP_Interaction\regulatorpagehandler.cpp(447,1): error C2143: D:\11ACademia\C++Summer\Project\NewProj\proj\CPP_Storage\storageunit.h: warning C4819: 该文件包含不能在当前代码页(936)中表示的字符。请将该文件保存为 Unicode 格式以防止数据丢失
D:\11ACademia\C++Summer\Project\NewProj\proj\CPP_Interaction\regulatorpagehandler.cpp(447,1): error C2143: D:\11ACademia\C++Summer\Project\NewProj\proj\CPP_Model\articleslist.h: warning C4819: 该文件包含不能在当前代码页(936)中表示的字符。请将该文件保存为 Unicode 格式以防止数据丢失
D:\11ACademia\C++Summer\Project\NewProj\proj\CPP_Interaction\regulatorpagehandler.cpp(447,1): error C2143: D:\11ACademia\C++Summer\Project\NewProj\proj\CPP_Data\myuserobj.h: warning C4819: 该文件包含不能在当前代码页(936)中表示的字符。请将该文件保存为 Unicode 格式以防止数据丢失
D:\11ACademia\C++Summer\Project\NewProj\proj\CPP_Interaction\regulatorpagehandler.cpp(447,1): error C2143: D:\11ACademia\C++Summer\Project\NewProj\proj\CPP_Data\myrequestobj.h: warning C4819: 该文件包含不能在当前代码页(936)中表示的字符。请将该文件保存为 Unicode 格式以防止数据丢失
D:\11ACademia\C++Summer\Project\NewProj\proj\CPP_Interaction\regulatorpagehandler.cpp(447,1): error C2143: D:\11ACademia\C++Summer\Project\NewProj\proj\CPP_Model\requestuserlist.h: warning C4819: 该文件包含不能在当前代码页(936)中表示的字符。请将该文件保存为 Unicode 格式以防止数据丢失
D:\11ACademia\C++Summer\Project\NewProj\proj\CPP_Interaction\regulatorpagehandler.cpp(447,1): error C2143: D:\11ACademia\C++Summer\Project\NewProj\proj\CPP_Interaction\abstractpage.h: warning C4819: 该文件包含不能在当前代码页(936)中表示的字符。请将该文件保存为 Unicode 格式以防止数据丢失
D:\11ACademia\C++Summer\Project\NewProj\proj\CPP_Interaction\senderpagehandler.cpp(87,37): error C2001:  常量中有换行符
D:\11ACademia\C++Summer\Project\NewProj\proj\CPP_Interaction\senderpagehandler.cpp(88,1): error C2143:  语法错误: 缺少“)”(在“}”的前面)
D:\11ACademia\C++Summer\Project\NewProj\proj\CPP_Interaction\senderpagehandler.cpp(88,1): error C2143:  语法错误: 缺少“;”(在“}”的前面)
D:\11ACademia\C++Summer\Project\NewProj\proj\CPP_Interaction\senderpagehandler.cpp(103,29): error C2001:  常量中有换行符
D:\11ACademia\C++Summer\Project\NewProj\proj\CPP_Interaction\senderpagehandler.cpp(104,1): error C2143:  语法错误: 缺少“)”(在“}”的前面)
D:\11ACademia\C++Summer\Project\NewProj\proj\CPP_Interaction\senderpagehandler.cpp(104,1): error C2143:  语法错误: 缺少“;”(在“}”的前面)
D:\11ACademia\C++Summer\Project\NewProj\proj\CPP_Interaction\senderpagehandler.cpp(118,29): error C2001:  常量中有换行符
D:\11ACademia\C++Summer\Project\NewProj\proj\CPP_Interaction\senderpagehandler.cpp(119,1): error C2143:  语法错误: 缺少“)”(在“}”的前面)
D:\11ACademia\C++Summer\Project\NewProj\proj\CPP_Interaction\senderpagehandler.cpp(119,1): error C2143:  语法错误: 缺少“;”(在“}”的前面)
D:\11ACademia\C++Summer\Project\NewProj\proj\CPP_Interaction\senderpagehandler.cpp(236,59): error C2001:  常量中有换行符
D:\11ACademia\C++Summer\Project\NewProj\proj\CPP_Interaction\senderpagehandler.cpp(237,5): error C2144:  语法错误:“int”的前面应有“)”
D:\11ACademia\C++Summer\Project\NewProj\proj\CPP_Interaction\senderpagehandler.cpp(237,5): error C2144:  语法错误:“int”的前面应有“;”
D:\11ACademia\C++Summer\Project\NewProj\proj\CPP_Interaction\senderpagehandler.cpp(248,68): error C2001:  常量中有换行符
D:\11ACademia\C++Summer\Project\NewProj\proj\CPP_Interaction\senderpagehandler.cpp(249,9): error C2143:  语法错误: 缺少“)”(在“}”的前面)
D:\11ACademia\C++Summer\Project\NewProj\proj\CPP_Interaction\senderpagehandler.cpp(249,9): error C2143:  语法错误: 缺少“;”(在“}”的前面)
D:\11ACademia\C++Summer\Project\NewProj\proj\CPP_Interaction\senderpagehandler.cpp(253,56): error C2001:  常量中有换行符
D:\11ACademia\C++Summer\Project\NewProj\proj\CPP_Interaction\senderpagehandler.cpp(254,5): error C2146:  语法错误: 缺少“)”(在标识符“mSenderArticleList”的前面)
  storageunit.cpp
  supervisorpagehandler.cpp
D:\11ACademia\C++Summer\Project\NewProj\proj\CPP_Interaction\senderpagehandler.cpp(254,5): error C2146:  语法错误: 缺少“;”(在标识符“mSenderArticleList”的前面)
D:\11ACademia\C++Summer\Project\NewProj\proj\CPP_Interaction\senderpagehandler.cpp(254,5): error C2146: D:\11ACademia\C++Summer\Project\NewProj\proj\CPP_Storage\storageunit.cpp: warning C4819: 该文件包含不能在当前代码页(936)中表示的字符。请将该文件保存为 Unicode 格式以防止数据丢失
D:\11ACademia\C++Summer\Project\NewProj\proj\CPP_Interaction\senderpagehandler.cpp(254,5): error C2146: D:\11ACademia\C++Summer\Project\NewProj\proj\CPP_Storage\storageunit.h: warning C4819: 该文件包含不能在当前代码页(936)中表示的字符。请将该文件保存为 Unicode 格式以防止数据丢失
D:\11ACademia\C++Summer\Project\NewProj\proj\CPP_Interaction\senderpagehandler.cpp(254,5): error C2146: D:\11ACademia\C++Summer\Project\NewProj\proj\CPP_Interaction\supervisorpagehandler.cpp: warning C4819: 该文件包含不能在当前代码页(936)中表示的字符。请将该文件保存为 Unicode 格式以防止数据丢失
D:\11ACademia\C++Summer\Project\NewProj\proj\CPP_Interaction\senderpagehandler.cpp(254,5): error C2146: D:\11ACademia\C++Summer\Project\NewProj\proj\CPP_Interaction\supervisorpagehandler.h: warning C4819: 该文件包含不能在当前代码页(936)中表示的字符。请将该文件保存为 Unicode 格式以防止数据丢失
D:\11ACademia\C++Summer\Project\NewProj\proj\CPP_Interaction\senderpagehandler.cpp(254,5): error C2146: D:\11ACademia\C++Summer\Project\NewProj\proj\CPP_Model\requestuserlist.h: warning C4819: 该文件包含不能在当前代码页(936)中表示的字符。请将该文件保存为 Unicode 格式以防止数据丢失
D:\11ACademia\C++Summer\Project\NewProj\proj\CPP_Interaction\senderpagehandler.cpp(254,5): error C2146: D:\11ACademia\C++Summer\Project\NewProj\proj\CPP_Data\myuserobj.h: warning C4819: 该文件包含不能在当前代码页(936)中表示的字符。请将该文件保存为 Unicode 格式以防止数据丢失
D:\11ACademia\C++Summer\Project\NewProj\proj\CPP_Interaction\senderpagehandler.cpp(254,5): error C2146: D:\11ACademia\C++Summer\Project\NewProj\proj\CPP_Storage\storageunit.h: warning C4819: 该文件包含不能在当前代码页(936)中表示的字符。请将该文件保存为 Unicode 格式以防止数据丢失
D:\11ACademia\C++Summer\Project\NewProj\proj\CPP_Interaction\senderpagehandler.cpp(254,5): error C2146: D:\11ACademia\C++Summer\Project\NewProj\proj\CPP_Storage\globalstoragecomponents.h: warning C4819: 该文件包含不能在当前代码页(936)中表示的字符。请将该文件保存为 Unicode 格式以防止数据丢失
D:\11ACademia\C++Summer\Project\NewProj\proj\CPP_Interaction\senderpagehandler.cpp(254,5): error C2146: D:\11ACademia\C++Summer\Project\NewProj\proj\CPP_Data\myarticleobj.h: warning C4819: 该文件包含不能在当前代码页(936)中表示的字符。请将该文件保存为 Unicode 格式以防止数据丢失
D:\11ACademia\C++Summer\Project\NewProj\proj\CPP_Interaction\senderpagehandler.cpp(254,5): error C2146: D:\11ACademia\C++Summer\Project\NewProj\proj\CPP_Model\articleslist.h: warning C4819: 该文件包含不能在当前代码页(936)中表示的字符。请将该文件保存为 Unicode 格式以防止数据丢失
D:\11ACademia\C++Summer\Project\NewProj\proj\CPP_Interaction\senderpagehandler.cpp(254,5): error C2146: D:\11ACademia\C++Summer\Project\NewProj\proj\CPP_Data\myrequestobj.h: warning C4819: 该文件包含不能在当前代码页(936)中表示的字符。请将该文件保存为 Unicode 格式以防止数据丢失
D:\11ACademia\C++Summer\Project\NewProj\proj\CPP_Interaction\senderpagehandler.cpp(254,5): error C2146: D:\11ACademia\C++Summer\Project\NewProj\proj\CPP_Interaction\abstractpage.h: warning C4819: 该文件包含不能在当前代码页(936)中表示的字符。请将该文件保存为 Unicode 格式以防止数据丢失
D:\11ACademia\C++Summer\Project\NewProj\proj\CPP_Interaction\senderpagehandler.cpp(254,5): error C2146: D:\11ACademia\C++Summer\Project\NewProj\proj\CPP_Interaction\userinfopagehandler.h: warning C4819: 该文件包含不能在当前代码页(936)中表示的字符。请将该文件保存为 Unicode 格式以防止数据丢失
D:\11ACademia\C++Summer\Project\NewProj\proj\CPP_Interaction\senderpagehandler.cpp(254,5): error C2146: D:\11ACademia\C++Summer\Project\NewProj\proj\CPP_Model\messagelist.h: warning C4819: 该文件包含不能在当前代码页(936)中表示的字符。请将该文件保存为 Unicode 格式以防止数据丢失
D:\11ACademia\C++Summer\Project\NewProj\proj\CPP_Interaction\supervisorpagehandler.cpp(103,64): error C2001:  常量中有换行符
D:\11ACademia\C++Summer\Project\NewProj\proj\CPP_Interaction\supervisorpagehandler.cpp(104,5): error C2143:  语法错误: 缺少“)”(在“}”的前面)
D:\11ACademia\C++Summer\Project\NewProj\proj\CPP_Interaction\supervisorpagehandler.cpp(104,5): error C2143:  语法错误: 缺少“;”(在“}”的前面)
D:\11ACademia\C++Summer\Project\NewProj\proj\CPP_Interaction\supervisorpagehandler.cpp(105,32): error C2001:  常量中有换行符
D:\11ACademia\C++Summer\Project\NewProj\proj\CPP_Interaction\supervisorpagehandler.cpp(106,1): error C2143:  语法错误: 缺少“)”(在“}”的前面)
  translatorpagehandler.cpp
D:\11ACademia\C++Summer\Project\NewProj\proj\CPP_Interaction\supervisorpagehandler.cpp(106,1): error C2143:  语法错误: 缺少“;”(在“}”的前面)
D:\11ACademia\C++Summer\Project\NewProj\proj\CPP_Interaction\supervisorpagehandler.cpp(106,1): error C2143: D:\11ACademia\C++Summer\Project\NewProj\proj\CPP_Interaction\translatorpagehandler.cpp: warning C4819: 该文件包含不能在当前代码页(936)中表示的字符。请将该文件保存为 Unicode 格式以防止数据丢失
D:\11ACademia\C++Summer\Project\NewProj\proj\CPP_Interaction\supervisorpagehandler.cpp(106,1): error C2143: D:\11ACademia\C++Summer\Project\NewProj\proj\CPP_Interaction\translatorpagehandler.h: warning C4819: 该文件包含不能在当前代码页(936)中表示的字符。请将该文件保存为 Unicode 格式以防止数据丢失
D:\11ACademia\C++Summer\Project\NewProj\proj\CPP_Interaction\supervisorpagehandler.cpp(106,1): error C2143: D:\11ACademia\C++Summer\Project\NewProj\proj\CPP_Storage\globalstoragecomponents.h: warning C4819: 该文件包含不能在当前代码页(936)中表示的字符。请将该文件保存为 Unicode 格式以防止数据丢失
D:\11ACademia\C++Summer\Project\NewProj\proj\CPP_Interaction\supervisorpagehandler.cpp(106,1): error C2143: D:\11ACademia\C++Summer\Project\NewProj\proj\CPP_Data\myarticleobj.h: warning C4819: 该文件包含不能在当前代码页(936)中表示的字符。请将该文件保存为 Unicode 格式以防止数据丢失
D:\11ACademia\C++Summer\Project\NewProj\proj\CPP_Interaction\supervisorpagehandler.cpp(106,1): error C2143: D:\11ACademia\C++Summer\Project\NewProj\proj\CPP_Storage\storageunit.h: warning C4819: 该文件包含不能在当前代码页(936)中表示的字符。请将该文件保存为 Unicode 格式以防止数据丢失
D:\11ACademia\C++Summer\Project\NewProj\proj\CPP_Interaction\supervisorpagehandler.cpp(106,1): error C2143: D:\11ACademia\C++Summer\Project\NewProj\proj\CPP_Model\articleslist.h: warning C4819: 该文件包含不能在当前代码页(936)中表示的字符。请将该文件保存为 Unicode 格式以防止数据丢失
D:\11ACademia\C++Summer\Project\NewProj\proj\CPP_Interaction\supervisorpagehandler.cpp(106,1): error C2143: D:\11ACademia\C++Summer\Project\NewProj\proj\CPP_Data\myuserobj.h: warning C4819: 该文件包含不能在当前代码页(936)中表示的字符。请将该文件保存为 Unicode 格式以防止数据丢失
D:\11ACademia\C++Summer\Project\NewProj\proj\CPP_Interaction\supervisorpagehandler.cpp(106,1): error C2143: D:\11ACademia\C++Summer\Project\NewProj\proj\CPP_Data\myrequestobj.h: warning C4819: 该文件包含不能在当前代码页(936)中表示的字符。请将该文件保存为 Unicode 格式以防止数据丢失
D:\11ACademia\C++Summer\Project\NewProj\proj\CPP_Interaction\supervisorpagehandler.cpp(106,1): error C2143: D:\11ACademia\C++Summer\Project\NewProj\proj\CPP_Interaction\abstractpage.h: warning C4819: 该文件包含不能在当前代码页(936)中表示的字符。请将该文件保存为 Unicode 格式以防止数据丢失
D:\11ACademia\C++Summer\Project\NewProj\proj\CPP_Interaction\translatorpagehandler.cpp(94,29): error C2001:  常量中有换行符
D:\11ACademia\C++Summer\Project\NewProj\proj\CPP_Interaction\translatorpagehandler.cpp(95,1): error C2143:  语法错误: 缺少“)”(在“}”的前面)
D:\11ACademia\C++Summer\Project\NewProj\proj\CPP_Interaction\translatorpagehandler.cpp(95,1): error C2143:  语法错误: 缺少“;”(在“}”的前面)
D:\11ACademia\C++Summer\Project\NewProj\proj\CPP_Interaction\translatorpagehandler.cpp(136,31): error C2001:  常量中有换行符
D:\11ACademia\C++Summer\Project\NewProj\proj\CPP_Interaction\translatorpagehandler.cpp(137,5): error C2143:  语法错误: 缺少“)”(在“}”的前面)
  userinfopagehandler.cpp
D:\11ACademia\C++Summer\Project\NewProj\proj\CPP_Interaction\translatorpagehandler.cpp(137,5): error C2143:  语法错误: 缺少“;”(在“}”的前面)
D:\11ACademia\C++Summer\Project\NewProj\proj\CPP_Interaction\translatorpagehandler.cpp(137,5): error C2143: D:\11ACademia\C++Summer\Project\NewProj\proj\CPP_Interaction\userinfopagehandler.cpp: warning C4819: 该文件包含不能在当前代码页(936)中表示的字符。请将该文件保存为 Unicode 格式以防止数据丢失
D:\11ACademia\C++Summer\Project\NewProj\proj\CPP_Interaction\translatorpagehandler.cpp(137,5): error C2143: D:\11ACademia\C++Summer\Project\NewProj\proj\CPP_Interaction\userinfopagehandler.h: warning C4819: 该文件包含不能在当前代码页(936)中表示的字符。请将该文件保存为 Unicode 格式以防止数据丢失
D:\11ACademia\C++Summer\Project\NewProj\proj\CPP_Interaction\translatorpagehandler.cpp(137,5): error C2143: D:\11ACademia\C++Summer\Project\NewProj\proj\CPP_Data\myuserobj.h: warning C4819: 该文件包含不能在当前代码页(936)中表示的字符。请将该文件保存为 Unicode 格式以防止数据丢失
D:\11ACademia\C++Summer\Project\NewProj\proj\CPP_Interaction\translatorpagehandler.cpp(137,5): error C2143: D:\11ACademia\C++Summer\Project\NewProj\proj\CPP_Storage\storageunit.h: warning C4819: 该文件包含不能在当前代码页(936)中表示的字符。请将该文件保存为 Unicode 格式以防止数据丢失
D:\11ACademia\C++Summer\Project\NewProj\proj\CPP_Interaction\translatorpagehandler.cpp(137,5): error C2143: D:\11ACademia\C++Summer\Project\NewProj\proj\CPP_Model\requestuserlist.h: warning C4819: 该文件包含不能在当前代码页(936)中表示的字符。请将该文件保存为 Unicode 格式以防止数据丢失
D:\11ACademia\C++Summer\Project\NewProj\proj\CPP_Interaction\translatorpagehandler.cpp(137,5): error C2143: D:\11ACademia\C++Summer\Project\NewProj\proj\CPP_Storage\globalstoragecomponents.h: warning C4819: 该文件包含不能在当前代码页(936)中表示的字符。请将该文件保存为 Unicode 格式以防止数据丢失
D:\11ACademia\C++Summer\Project\NewProj\proj\CPP_Interaction\translatorpagehandler.cpp(137,5): error C2143: D:\11ACademia\C++Summer\Project\NewProj\proj\CPP_Data\myarticleobj.h: warning C4819: 该文件包含不能在当前代码页(936)中表示的字符。请将该文件保存为 Unicode 格式以防止数据丢失
D:\11ACademia\C++Summer\Project\NewProj\proj\CPP_Interaction\translatorpagehandler.cpp(137,5): error C2143: D:\11ACademia\C++Summer\Project\NewProj\proj\CPP_Model\articleslist.h: warning C4819: 该文件包含不能在当前代码页(936)中表示的字符。请将该文件保存为 Unicode 格式以防止数据丢失
D:\11ACademia\C++Summer\Project\NewProj\proj\CPP_Interaction\translatorpagehandler.cpp(137,5): error C2143: D:\11ACademia\C++Summer\Project\NewProj\proj\CPP_Data\myrequestobj.h: warning C4819: 该文件包含不能在当前代码页(936)中表示的字符。请将该文件保存为 Unicode 格式以防止数据丢失
D:\11ACademia\C++Summer\Project\NewProj\proj\CPP_Interaction\translatorpagehandler.cpp(137,5): error C2143: D:\11ACademia\C++Summer\Project\NewProj\proj\CPP_Model\messagelist.h: warning C4819: 该文件包含不能在当前代码页(936)中表示的字符。请将该文件保存为 Unicode 格式以防止数据丢失
D:\11ACademia\C++Summer\Project\NewProj\proj\CPP_Interaction\translatorpagehandler.cpp(137,5): error C2143: D:\11ACademia\C++Summer\Project\NewProj\proj\CPP_Interaction\abstractpage.h: warning C4819: 该文件包含不能在当前代码页(936)中表示的字符。请将该文件保存为 Unicode 格式以防止数据丢失
D:\11ACademia\C++Summer\Project\NewProj\proj\CPP_Interaction\translatorpagehandler.cpp(137,5): error C2143: D:\11ACademia\C++Summer\Project\NewProj\proj\CPP_Interaction\regulatorpagehandler.h: warning C4819: 该文件包含不能在当前代码页(936)中表示的字符。请将该文件保存为 Unicode 格式以防止数据丢失
D:\11ACademia\C++Summer\Project\NewProj\proj\CPP_Interaction\userinfopagehandler.cpp(101,63): error C2001:  常量中有换行符
D:\11ACademia\C++Summer\Project\NewProj\proj\CPP_Interaction\userinfopagehandler.cpp(103,5): error C2146:  语法错误: 缺少“)”(在标识符“QMessageLogger”的前面)
  moc_abstractpage.cpp
  moc_articleinfopagehandler.cpp
  moc_globalstoragecomponents.cpp
  正在生成代码...
  正在编译...
  moc_loginpagehandler.cpp
  moc_regulatorpagehandler.cpp
  moc_senderpagehandler.cpp
  moc_supervisorpagehandler.cpp
  moc_translatorpagehandler.cpp
  moc_userinfopagehandler.cpp
  qrc_qml.cpp
  正在生成代码...
D:\11ACademia\C++Summer\Project\NewProj\proj\CPP_Interaction\userinfopagehandler.cpp(103,5): error C2146:  语法错误: 缺少“;”(在标识符“QMessageLogger”的前面)
D:\11ACademia\C++Summer\Project\NewProj\proj\CPP_Interaction\userinfopagehandler.cpp(103,5): error C2146: D:\11ACademia\C++Summer\Project\NewProj\proj\CPP_Interaction\abstractpage.h: warning C4819: 该文件包含不能在当前代码页(936)中表示的字符。请将该文件保存为 Unicode 格式以防止数据丢失
D:\11ACademia\C++Summer\Project\NewProj\proj\CPP_Interaction\userinfopagehandler.cpp(103,5): error C2146: D:\11ACademia\C++Summer\Project\NewProj\proj\CPP_Storage\globalstoragecomponents.h: warning C4819: 该文件包含不能在当前代码页(936)中表示的字符。请将该文件保存为 Unicode 格式以防止数据丢失
D:\11ACademia\C++Summer\Project\NewProj\proj\CPP_Interaction\userinfopagehandler.cpp(103,5): error C2146: D:\11ACademia\C++Summer\Project\NewProj\proj\CPP_Data\myarticleobj.h: warning C4819: 该文件包含不能在当前代码页(936)中表示的字符。请将该文件保存为 Unicode 格式以防止数据丢失
D:\11ACademia\C++Summer\Project\NewProj\proj\CPP_Interaction\userinfopagehandler.cpp(103,5): error C2146: D:\11ACademia\C++Summer\Project\NewProj\proj\CPP_Storage\storageunit.h: warning C4819: 该文件包含不能在当前代码页(936)中表示的字符。请将该文件保存为 Unicode 格式以防止数据丢失
D:\11ACademia\C++Summer\Project\NewProj\proj\CPP_Interaction\userinfopagehandler.cpp(103,5): error C2146: D:\11ACademia\C++Summer\Project\NewProj\proj\CPP_Model\articleslist.h: warning C4819: 该文件包含不能在当前代码页(936)中表示的字符。请将该文件保存为 Unicode 格式以防止数据丢失
D:\11ACademia\C++Summer\Project\NewProj\proj\CPP_Interaction\userinfopagehandler.cpp(103,5): error C2146: D:\11ACademia\C++Summer\Project\NewProj\proj\CPP_Data\myuserobj.h: warning C4819: 该文件包含不能在当前代码页(936)中表示的字符。请将该文件保存为 Unicode 格式以防止数据丢失
D:\11ACademia\C++Summer\Project\NewProj\proj\CPP_Interaction\userinfopagehandler.cpp(103,5): error C2146: D:\11ACademia\C++Summer\Project\NewProj\proj\CPP_Data\myrequestobj.h: warning C4819: 该文件包含不能在当前代码页(936)中表示的字符。请将该文件保存为 Unicode 格式以防止数据丢失
D:\11ACademia\C++Summer\Project\NewProj\proj\CPP_Interaction\userinfopagehandler.cpp(103,5): error C2146: D:\11ACademia\C++Summer\Project\NewProj\proj\CPP_Interaction\articleinfopagehandler.h: warning C4819: 该文件包含不能在当前代码页(936)中表示的字符。请将该文件保存为 Unicode 格式以防止数据丢失
D:\11ACademia\C++Summer\Project\NewProj\proj\CPP_Interaction\userinfopagehandler.cpp(103,5): error C2146: D:\11ACademia\C++Summer\Project\NewProj\proj\CPP_Interaction\abstractpage.h: warning C4819: 该文件包含不能在当前代码页(936)中表示的字符。请将该文件保存为 Unicode 格式以防止数据丢失
D:\11ACademia\C++Summer\Project\NewProj\proj\CPP_Interaction\userinfopagehandler.cpp(103,5): error C2146: D:\11ACademia\C++Summer\Project\NewProj\proj\CPP_Storage\globalstoragecomponents.h: warning C4819: 该文件包含不能在当前代码页(936)中表示的字符。请将该文件保存为 Unicode 格式以防止数据丢失
D:\11ACademia\C++Summer\Project\NewProj\proj\CPP_Interaction\userinfopagehandler.cpp(103,5): error C2146: D:\11ACademia\C++Summer\Project\NewProj\proj\CPP_Data\myarticleobj.h: warning C4819: 该文件包含不能在当前代码页(936)中表示的字符。请将该文件保存为 Unicode 格式以防止数据丢失
D:\11ACademia\C++Summer\Project\NewProj\proj\CPP_Interaction\userinfopagehandler.cpp(103,5): error C2146: D:\11ACademia\C++Summer\Project\NewProj\proj\CPP_Storage\storageunit.h: warning C4819: 该文件包含不能在当前代码页(936)中表示的字符。请将该文件保存为 Unicode 格式以防止数据丢失
D:\11ACademia\C++Summer\Project\NewProj\proj\CPP_Interaction\userinfopagehandler.cpp(103,5): error C2146: D:\11ACademia\C++Summer\Project\NewProj\proj\CPP_Model\articleslist.h: warning C4819: 该文件包含不能在当前代码页(936)中表示的字符。请将该文件保存为 Unicode 格式以防止数据丢失
D:\11ACademia\C++Summer\Project\NewProj\proj\CPP_Interaction\userinfopagehandler.cpp(103,5): error C2146: D:\11ACademia\C++Summer\Project\NewProj\proj\CPP_Data\myuserobj.h: warning C4819: 该文件包含不能在当前代码页(936)中表示的字符。请将该文件保存为 Unicode 格式以防止数据丢失
D:\11ACademia\C++Summer\Project\NewProj\proj\CPP_Interaction\userinfopagehandler.cpp(103,5): error C2146: D:\11ACademia\C++Summer\Project\NewProj\proj\CPP_Data\myrequestobj.h: warning C4819: 该文件包含不能在当前代码页(936)中表示的字符。请将该文件保存为 Unicode 格式以防止数据丢失
D:\11ACademia\C++Summer\Project\NewProj\proj\CPP_Interaction\userinfopagehandler.cpp(103,5): error C2146: D:\11ACademia\C++Summer\Project\NewProj\proj\CPP_Storage\globalstoragecomponents.h: warning C4819: 该文件包含不能在当前代码页(936)中表示的字符。请将该文件保存为 Unicode 格式以防止数据丢失
D:\11ACademia\C++Summer\Project\NewProj\proj\CPP_Interaction\userinfopagehandler.cpp(103,5): error C2146: D:\11ACademia\C++Summer\Project\NewProj\proj\CPP_Data\myarticleobj.h: warning C4819: 该文件包含不能在当前代码页(936)中表示的字符。请将该文件保存为 Unicode 格式以防止数据丢失
D:\11ACademia\C++Summer\Project\NewProj\proj\CPP_Interaction\userinfopagehandler.cpp(103,5): error C2146: D:\11ACademia\C++Summer\Project\NewProj\proj\CPP_Storage\storageunit.h: warning C4819: 该文件包含不能在当前代码页(936)中表示的字符。请将该文件保存为 Unicode 格式以防止数据丢失
D:\11ACademia\C++Summer\Project\NewProj\proj\CPP_Interaction\userinfopagehandler.cpp(103,5): error C2146: D:\11ACademia\C++Summer\Project\NewProj\proj\CPP_Model\articleslist.h: warning C4819: 该文件包含不能在当前代码页(936)中表示的字符。请将该文件保存为 Unicode 格式以防止数据丢失
D:\11ACademia\C++Summer\Project\NewProj\proj\CPP_Interaction\userinfopagehandler.cpp(103,5): error C2146: D:\11ACademia\C++Summer\Project\NewProj\proj\CPP_Data\myuserobj.h: warning C4819: 该文件包含不能在当前代码页(936)中表示的字符。请将该文件保存为 Unicode 格式以防止数据丢失
D:\11ACademia\C++Summer\Project\NewProj\proj\CPP_Interaction\userinfopagehandler.cpp(103,5): error C2146: D:\11ACademia\C++Summer\Project\NewProj\proj\CPP_Data\myrequestobj.h: warning C4819: 该文件包含不能在当前代码页(936)中表示的字符。请将该文件保存为 Unicode 格式以防止数据丢失
D:\11ACademia\C++Summer\Project\NewProj\proj\CPP_Interaction\userinfopagehandler.cpp(103,5): error C2146: D:\11ACademia\C++Summer\Project\NewProj\proj\CPP_Model\requestuserlist.cpp(28) : warning C4715: “RequestUserList::data”: 不是所有的控件路径都返回值
D:\11ACademia\C++Summer\Project\NewProj\proj\CPP_Interaction\userinfopagehandler.cpp(103,5): error C2146: D:\11ACademia\C++Summer\Project\NewProj\proj\CPP_Model\messagelist.cpp(26) : warning C4715: “MessageList::data”: 不是所有的控件路径都返回值
D:\11ACademia\C++Summer\Project\NewProj\proj\CPP_Interaction\userinfopagehandler.cpp(103,5): error C2146: D:\11ACademia\C++Summer\Project\NewProj\proj\CPP_Model\articleslist.cpp(81) : warning C4715: “ArticlesList::data”: 不是所有的控件路径都返回值
D:\11ACademia\C++Summer\Project\NewProj\proj\CPP_Interaction\userinfopagehandler.cpp(103,5): error C2146: D:\11ACademia\C++Summer\Project\NewProj\proj\CPP_Interaction\loginpagehandler.h: warning C4819: 该文件包含不能在当前代码页(936)中表示的字符。请将该文件保存为 Unicode 格式以防止数据丢失
D:\11ACademia\C++Summer\Project\NewProj\proj\CPP_Interaction\userinfopagehandler.cpp(103,5): error C2146: D:\11ACademia\C++Summer\Project\NewProj\proj\CPP_Storage\globalstoragecomponents.h: warning C4819: 该文件包含不能在当前代码页(936)中表示的字符。请将该文件保存为 Unicode 格式以防止数据丢失
D:\11ACademia\C++Summer\Project\NewProj\proj\CPP_Interaction\userinfopagehandler.cpp(103,5): error C2146: D:\11ACademia\C++Summer\Project\NewProj\proj\CPP_Data\myarticleobj.h: warning C4819: 该文件包含不能在当前代码页(936)中表示的字符。请将该文件保存为 Unicode 格式以防止数据丢失
D:\11ACademia\C++Summer\Project\NewProj\proj\CPP_Interaction\userinfopagehandler.cpp(103,5): error C2146: D:\11ACademia\C++Summer\Project\NewProj\proj\CPP_Storage\storageunit.h: warning C4819: 该文件包含不能在当前代码页(936)中表示的字符。请将该文件保存为 Unicode 格式以防止数据丢失
D:\11ACademia\C++Summer\Project\NewProj\proj\CPP_Interaction\userinfopagehandler.cpp(103,5): error C2146: D:\11ACademia\C++Summer\Project\NewProj\proj\CPP_Model\articleslist.h: warning C4819: 该文件包含不能在当前代码页(936)中表示的字符。请将该文件保存为 Unicode 格式以防止数据丢失
D:\11ACademia\C++Summer\Project\NewProj\proj\CPP_Interaction\userinfopagehandler.cpp(103,5): error C2146: D:\11ACademia\C++Summer\Project\NewProj\proj\CPP_Data\myuserobj.h: warning C4819: 该文件包含不能在当前代码页(936)中表示的字符。请将该文件保存为 Unicode 格式以防止数据丢失
D:\11ACademia\C++Summer\Project\NewProj\proj\CPP_Interaction\userinfopagehandler.cpp(103,5): error C2146: D:\11ACademia\C++Summer\Project\NewProj\proj\CPP_Data\myrequestobj.h: warning C4819: 该文件包含不能在当前代码页(936)中表示的字符。请将该文件保存为 Unicode 格式以防止数据丢失
D:\11ACademia\C++Summer\Project\NewProj\proj\CPP_Interaction\userinfopagehandler.cpp(103,5): error C2146: D:\11ACademia\C++Summer\Project\NewProj\proj\CPP_Interaction\senderpagehandler.h: warning C4819: 该文件包含不能在当前代码页(936)中表示的字符。请将该文件保存为 Unicode 格式以防止数据丢失
D:\11ACademia\C++Summer\Project\NewProj\proj\CPP_Interaction\userinfopagehandler.cpp(103,5): error C2146: D:\11ACademia\C++Summer\Project\NewProj\proj\CPP_Model\requestuserlist.h: warning C4819: 该文件包含不能在当前代码页(936)中表示的字符。请将该文件保存为 Unicode 格式以防止数据丢失
D:\11ACademia\C++Summer\Project\NewProj\proj\CPP_Interaction\userinfopagehandler.cpp(103,5): error C2146: D:\11ACademia\C++Summer\Project\NewProj\proj\CPP_Interaction\abstractpage.h: warning C4819: 该文件包含不能在当前代码页(936)中表示的字符。请将该文件保存为 Unicode 格式以防止数据丢失
D:\11ACademia\C++Summer\Project\NewProj\proj\CPP_Interaction\userinfopagehandler.cpp(103,5): error C2146: D:\11ACademia\C++Summer\Project\NewProj\proj\CPP_Interaction\regulatorpagehandler.h: warning C4819: 该文件包含不能在当前代码页(936)中表示的字符。请将该文件保存为 Unicode 格式以防止数据丢失
D:\11ACademia\C++Summer\Project\NewProj\proj\CPP_Interaction\userinfopagehandler.cpp(103,5): error C2146: D:\11ACademia\C++Summer\Project\NewProj\proj\CPP_Interaction\translatorpagehandler.h: warning C4819: 该文件包含不能在当前代码页(936)中表示的字符。请将该文件保存为 Unicode 格式以防止数据丢失
D:\11ACademia\C++Summer\Project\NewProj\proj\CPP_Interaction\userinfopagehandler.cpp(103,5): error C2146: D:\11ACademia\C++Summer\Project\NewProj\proj\CPP_Interaction\supervisorpagehandler.h: warning C4819: 该文件包含不能在当前代码页(936)中表示的字符。请将该文件保存为 Unicode 格式以防止数据丢失
D:\11ACademia\C++Summer\Project\NewProj\proj\CPP_Interaction\userinfopagehandler.cpp(103,5): error C2146: D:\11ACademia\C++Summer\Project\NewProj\proj\CPP_Interaction\regulatorpagehandler.h: warning C4819: 该文件包含不能在当前代码页(936)中表示的字符。请将该文件保存为 Unicode 格式以防止数据丢失
D:\11ACademia\C++Summer\Project\NewProj\proj\CPP_Interaction\userinfopagehandler.cpp(103,5): error C2146: D:\11ACademia\C++Summer\Project\NewProj\proj\CPP_Model\requestuserlist.h: warning C4819: 该文件包含不能在当前代码页(936)中表示的字符。请将该文件保存为 Unicode 格式以防止数据丢失
D:\11ACademia\C++Summer\Project\NewProj\proj\CPP_Interaction\userinfopagehandler.cpp(103,5): error C2146: D:\11ACademia\C++Summer\Project\NewProj\proj\CPP_Data\myuserobj.h: warning C4819: 该文件包含不能在当前代码页(936)中表示的字符。请将该文件保存为 Unicode 格式以防止数据丢失
D:\11ACademia\C++Summer\Project\NewProj\proj\CPP_Interaction\userinfopagehandler.cpp(103,5): error C2146: D:\11ACademia\C++Summer\Project\NewProj\proj\CPP_Storage\storageunit.h: warning C4819: 该文件包含不能在当前代码页(936)中表示的字符。请将该文件保存为 Unicode 格式以防止数据丢失
D:\11ACademia\C++Summer\Project\NewProj\proj\CPP_Interaction\userinfopagehandler.cpp(103,5): error C2146: D:\11ACademia\C++Summer\Project\NewProj\proj\CPP_Storage\globalstoragecomponents.h: warning C4819: 该文件包含不能在当前代码页(936)中表示的字符。请将该文件保存为 Unicode 格式以防止数据丢失
D:\11ACademia\C++Summer\Project\NewProj\proj\CPP_Interaction\userinfopagehandler.cpp(103,5): error C2146: D:\11ACademia\C++Summer\Project\NewProj\proj\CPP_Data\myarticleobj.h: warning C4819: 该文件包含不能在当前代码页(936)中表示的字符。请将该文件保存为 Unicode 格式以防止数据丢失
D:\11ACademia\C++Summer\Project\NewProj\proj\CPP_Interaction\userinfopagehandler.cpp(103,5): error C2146: D:\11ACademia\C++Summer\Project\NewProj\proj\CPP_Model\articleslist.h: warning C4819: 该文件包含不能在当前代码页(936)中表示的字符。请将该文件保存为 Unicode 格式以防止数据丢失
D:\11ACademia\C++Summer\Project\NewProj\proj\CPP_Interaction\userinfopagehandler.cpp(103,5): error C2146: D:\11ACademia\C++Summer\Project\NewProj\proj\CPP_Data\myrequestobj.h: warning C4819: 该文件包含不能在当前代码页(936)中表示的字符。请将该文件保存为 Unicode 格式以防止数据丢失
D:\11ACademia\C++Summer\Project\NewProj\proj\CPP_Interaction\userinfopagehandler.cpp(103,5): error C2146: D:\11ACademia\C++Summer\Project\NewProj\proj\CPP_Interaction\abstractpage.h: warning C4819: 该文件包含不能在当前代码页(936)中表示的字符。请将该文件保存为 Unicode 格式以防止数据丢失
D:\11ACademia\C++Summer\Project\NewProj\proj\CPP_Interaction\userinfopagehandler.cpp(103,5): error C2146: D:\11ACademia\C++Summer\Project\NewProj\proj\CPP_Interaction\senderpagehandler.h: warning C4819: 该文件包含不能在当前代码页(936)中表示的字符。请将该文件保存为 Unicode 格式以防止数据丢失
D:\11ACademia\C++Summer\Project\NewProj\proj\CPP_Interaction\userinfopagehandler.cpp(103,5): error C2146: D:\11ACademia\C++Summer\Project\NewProj\proj\CPP_Storage\globalstoragecomponents.h: warning C4819: 该文件包含不能在当前代码页(936)中表示的字符。请将该文件保存为 Unicode 格式以防止数据丢失
D:\11ACademia\C++Summer\Project\NewProj\proj\CPP_Interaction\userinfopagehandler.cpp(103,5): error C2146: D:\11ACademia\C++Summer\Project\NewProj\proj\CPP_Data\myarticleobj.h: warning C4819: 该文件包含不能在当前代码页(936)中表示的字符。请将该文件保存为 Unicode 格式以防止数据丢失
D:\11ACademia\C++Summer\Project\NewProj\proj\CPP_Interaction\userinfopagehandler.cpp(103,5): error C2146: D:\11ACademia\C++Summer\Project\NewProj\proj\CPP_Storage\storageunit.h: warning C4819: 该文件包含不能在当前代码页(936)中表示的字符。请将该文件保存为 Unicode 格式以防止数据丢失
D:\11ACademia\C++Summer\Project\NewProj\proj\CPP_Interaction\userinfopagehandler.cpp(103,5): error C2146: D:\11ACademia\C++Summer\Project\NewProj\proj\CPP_Model\articleslist.h: warning C4819: 该文件包含不能在当前代码页(936)中表示的字符。请将该文件保存为 Unicode 格式以防止数据丢失
D:\11ACademia\C++Summer\Project\NewProj\proj\CPP_Interaction\userinfopagehandler.cpp(103,5): error C2146: D:\11ACademia\C++Summer\Project\NewProj\proj\CPP_Data\myuserobj.h: warning C4819: 该文件包含不能在当前代码页(936)中表示的字符。请将该文件保存为 Unicode 格式以防止数据丢失
D:\11ACademia\C++Summer\Project\NewProj\proj\CPP_Interaction\userinfopagehandler.cpp(103,5): error C2146: D:\11ACademia\C++Summer\Project\NewProj\proj\CPP_Data\myrequestobj.h: warning C4819: 该文件包含不能在当前代码页(936)中表示的字符。请将该文件保存为 Unicode 格式以防止数据丢失
D:\11ACademia\C++Summer\Project\NewProj\proj\CPP_Interaction\userinfopagehandler.cpp(103,5): error C2146: D:\11ACademia\C++Summer\Project\NewProj\proj\CPP_Model\requestuserlist.h: warning C4819: 该文件包含不能在当前代码页(936)中表示的字符。请将该文件保存为 Unicode 格式以防止数据丢失
D:\11ACademia\C++Summer\Project\NewProj\proj\CPP_Interaction\userinfopagehandler.cpp(103,5): error C2146: D:\11ACademia\C++Summer\Project\NewProj\proj\CPP_Interaction\abstractpage.h: warning C4819: 该文件包含不能在当前代码页(936)中表示的字符。请将该文件保存为 Unicode 格式以防止数据丢失
D:\11ACademia\C++Summer\Project\NewProj\proj\CPP_Interaction\userinfopagehandler.cpp(103,5): error C2146: D:\11ACademia\C++Summer\Project\NewProj\proj\CPP_Interaction\supervisorpagehandler.h: warning C4819: 该文件包含不能在当前代码页(936)中表示的字符。请将该文件保存为 Unicode 格式以防止数据丢失
D:\11ACademia\C++Summer\Project\NewProj\proj\CPP_Interaction\userinfopagehandler.cpp(103,5): error C2146: D:\11ACademia\C++Summer\Project\NewProj\proj\CPP_Model\requestuserlist.h: warning C4819: 该文件包含不能在当前代码页(936)中表示的字符。请将该文件保存为 Unicode 格式以防止数据丢失
D:\11ACademia\C++Summer\Project\NewProj\proj\CPP_Interaction\userinfopagehandler.cpp(103,5): error C2146: D:\11ACademia\C++Summer\Project\NewProj\proj\CPP_Data\myuserobj.h: warning C4819: 该文件包含不能在当前代码页(936)中表示的字符。请将该文件保存为 Unicode 格式以防止数据丢失
D:\11ACademia\C++Summer\Project\NewProj\proj\CPP_Interaction\userinfopagehandler.cpp(103,5): error C2146: D:\11ACademia\C++Summer\Project\NewProj\proj\CPP_Storage\storageunit.h: warning C4819: 该文件包含不能在当前代码页(936)中表示的字符。请将该文件保存为 Unicode 格式以防止数据丢失
D:\11ACademia\C++Summer\Project\NewProj\proj\CPP_Interaction\userinfopagehandler.cpp(103,5): error C2146: D:\11ACademia\C++Summer\Project\NewProj\proj\CPP_Storage\globalstoragecomponents.h: warning C4819: 该文件包含不能在当前代码页(936)中表示的字符。请将该文件保存为 Unicode 格式以防止数据丢失
D:\11ACademia\C++Summer\Project\NewProj\proj\CPP_Interaction\userinfopagehandler.cpp(103,5): error C2146: D:\11ACademia\C++Summer\Project\NewProj\proj\CPP_Data\myarticleobj.h: warning C4819: 该文件包含不能在当前代码页(936)中表示的字符。请将该文件保存为 Unicode 格式以防止数据丢失
D:\11ACademia\C++Summer\Project\NewProj\proj\CPP_Interaction\userinfopagehandler.cpp(103,5): error C2146: D:\11ACademia\C++Summer\Project\NewProj\proj\CPP_Model\articleslist.h: warning C4819: 该文件包含不能在当前代码页(936)中表示的字符。请将该文件保存为 Unicode 格式以防止数据丢失
D:\11ACademia\C++Summer\Project\NewProj\proj\CPP_Interaction\userinfopagehandler.cpp(103,5): error C2146: D:\11ACademia\C++Summer\Project\NewProj\proj\CPP_Data\myrequestobj.h: warning C4819: 该文件包含不能在当前代码页(936)中表示的字符。请将该文件保存为 Unicode 格式以防止数据丢失
D:\11ACademia\C++Summer\Project\NewProj\proj\CPP_Interaction\userinfopagehandler.cpp(103,5): error C2146: D:\11ACademia\C++Summer\Project\NewProj\proj\CPP_Interaction\abstractpage.h: warning C4819: 该文件包含不能在当前代码页(936)中表示的字符。请将该文件保存为 Unicode 格式以防止数据丢失
D:\11ACademia\C++Summer\Project\NewProj\proj\CPP_Interaction\userinfopagehandler.cpp(103,5): error C2146: D:\11ACademia\C++Summer\Project\NewProj\proj\CPP_Interaction\translatorpagehandler.h: warning C4819: 该文件包含不能在当前代码页(936)中表示的字符。请将该文件保存为 Unicode 格式以防止数据丢失
D:\11ACademia\C++Summer\Project\NewProj\proj\CPP_Interaction\userinfopagehandler.cpp(103,5): error C2146: D:\11ACademia\C++Summer\Project\NewProj\proj\CPP_Storage\globalstoragecomponents.h: warning C4819: 该文件包含不能在当前代码页(936)中表示的字符。请将该文件保存为 Unicode 格式以防止数据丢失
D:\11ACademia\C++Summer\Project\NewProj\proj\CPP_Interaction\userinfopagehandler.cpp(103,5): error C2146: D:\11ACademia\C++Summer\Project\NewProj\proj\CPP_Data\myarticleobj.h: warning C4819: 该文件包含不能在当前代码页(936)中表示的字符。请将该文件保存为 Unicode 格式以防止数据丢失
D:\11ACademia\C++Summer\Project\NewProj\proj\CPP_Interaction\userinfopagehandler.cpp(103,5): error C2146: D:\11ACademia\C++Summer\Project\NewProj\proj\CPP_Storage\storageunit.h: warning C4819: 该文件包含不能在当前代码页(936)中表示的字符。请将该文件保存为 Unicode 格式以防止数据丢失
D:\11ACademia\C++Summer\Project\NewProj\proj\CPP_Interaction\userinfopagehandler.cpp(103,5): error C2146: D:\11ACademia\C++Summer\Project\NewProj\proj\CPP_Model\articleslist.h: warning C4819: 该文件包含不能在当前代码页(936)中表示的字符。请将该文件保存为 Unicode 格式以防止数据丢失
D:\11ACademia\C++Summer\Project\NewProj\proj\CPP_Interaction\userinfopagehandler.cpp(103,5): error C2146: D:\11ACademia\C++Summer\Project\NewProj\proj\CPP_Data\myuserobj.h: warning C4819: 该文件包含不能在当前代码页(936)中表示的字符。请将该文件保存为 Unicode 格式以防止数据丢失
D:\11ACademia\C++Summer\Project\NewProj\proj\CPP_Interaction\userinfopagehandler.cpp(103,5): error C2146: D:\11ACademia\C++Summer\Project\NewProj\proj\CPP_Data\myrequestobj.h: warning C4819: 该文件包含不能在当前代码页(936)中表示的字符。请将该文件保存为 Unicode 格式以防止数据丢失
D:\11ACademia\C++Summer\Project\NewProj\proj\CPP_Interaction\userinfopagehandler.cpp(103,5): error C2146: D:\11ACademia\C++Summer\Project\NewProj\proj\CPP_Interaction\abstractpage.h: warning C4819: 该文件包含不能在当前代码页(936)中表示的字符。请将该文件保存为 Unicode 格式以防止数据丢失
D:\11ACademia\C++Summer\Project\NewProj\proj\CPP_Interaction\userinfopagehandler.cpp(103,5): error C2146: D:\11ACademia\C++Summer\Project\NewProj\proj\CPP_Interaction\userinfopagehandler.h: warning C4819: 该文件包含不能在当前代码页(936)中表示的字符。请将该文件保存为 Unicode 格式以防止数据丢失
D:\11ACademia\C++Summer\Project\NewProj\proj\CPP_Interaction\userinfopagehandler.cpp(103,5): error C2146: D:\11ACademia\C++Summer\Project\NewProj\proj\CPP_Data\myuserobj.h: warning C4819: 该文件包含不能在当前代码页(936)中表示的字符。请将该文件保存为 Unicode 格式以防止数据丢失
D:\11ACademia\C++Summer\Project\NewProj\proj\CPP_Interaction\userinfopagehandler.cpp(103,5): error C2146: D:\11ACademia\C++Summer\Project\NewProj\proj\CPP_Storage\storageunit.h: warning C4819: 该文件包含不能在当前代码页(936)中表示的字符。请将该文件保存为 Unicode 格式以防止数据丢失
D:\11ACademia\C++Summer\Project\NewProj\proj\CPP_Interaction\userinfopagehandler.cpp(103,5): error C2146: D:\11ACademia\C++Summer\Project\NewProj\proj\CPP_Model\requestuserlist.h: warning C4819: 该文件包含不能在当前代码页(936)中表示的字符。请将该文件保存为 Unicode 格式以防止数据丢失
D:\11ACademia\C++Summer\Project\NewProj\proj\CPP_Interaction\userinfopagehandler.cpp(103,5): error C2146: D:\11ACademia\C++Summer\Project\NewProj\proj\CPP_Storage\globalstoragecomponents.h: warning C4819: 该文件包含不能在当前代码页(936)中表示的字符。请将该文件保存为 Unicode 格式以防止数据丢失
D:\11ACademia\C++Summer\Project\NewProj\proj\CPP_Interaction\userinfopagehandler.cpp(103,5): error C2146: D:\11ACademia\C++Summer\Project\NewProj\proj\CPP_Data\myarticleobj.h: warning C4819: 该文件包含不能在当前代码页(936)中表示的字符。请将该文件保存为 Unicode 格式以防止数据丢失
D:\11ACademia\C++Summer\Project\NewProj\proj\CPP_Interaction\userinfopagehandler.cpp(103,5): error C2146: D:\11ACademia\C++Summer\Project\NewProj\proj\CPP_Model\articleslist.h: warning C4819: 该文件包含不能在当前代码页(936)中表示的字符。请将该文件保存为 Unicode 格式以防止数据丢失
D:\11ACademia\C++Summer\Project\NewProj\proj\CPP_Interaction\userinfopagehandler.cpp(103,5): error C2146: D:\11ACademia\C++Summer\Project\NewProj\proj\CPP_Data\myrequestobj.h: warning C4819: 该文件包含不能在当前代码页(936)中表示的字符。请将该文件保存为 Unicode 格式以防止数据丢失
D:\11ACademia\C++Summer\Project\NewProj\proj\CPP_Interaction\userinfopagehandler.cpp(103,5): error C2146: D:\11ACademia\C++Summer\Project\NewProj\proj\CPP_Model\messagelist.h: warning C4819: 该文件包含不能在当前代码页(936)中表示的字符。请将该文件保存为 Unicode 格式以防止数据丢失
D:\11ACademia\C++Summer\Project\NewProj\proj\CPP_Interaction\userinfopagehandler.cpp(103,5): error C2146: D:\11ACademia\C++Summer\Project\NewProj\proj\CPP_Interaction\abstractpage.h: warning C4819: 该文件包含不能在当前代码页(936)中表示的字符。请将该文件保存为 Unicode 格式以防止数据丢失
